{"/home/travis/build/npmtest/node-npmtest-grunt-angular-builder/test.js":{"path":"/home/travis/build/npmtest/node-npmtest-grunt-angular-builder/test.js","s":{"1":2,"2":2,"3":2,"4":2,"5":2,"6":2,"7":2,"8":1,"9":2,"10":2,"11":1,"12":1,"13":1,"14":1,"15":2,"16":2,"17":2,"18":2,"19":1,"20":1,"21":2,"22":2,"23":2,"24":1,"25":1,"26":1,"27":1,"28":1,"29":1,"30":1,"31":1,"32":1,"33":1,"34":1,"35":1,"36":1,"37":2,"38":2,"39":1,"40":2,"41":2,"42":1,"43":2,"44":2,"45":1,"46":2,"47":2,"48":1,"49":1,"50":1,"51":1,"52":1},"b":{"1":[2,1,1,1],"2":[1,1,1,1],"3":[1,1],"4":[1,1],"5":[1,1],"6":[1,1],"7":[1,1],"8":[1,1],"9":[1,1,1],"10":[1,1],"11":[1,1],"12":[1,1],"13":[1,1],"14":[1,1],"15":[1,1],"16":[1,1]},"f":{"1":2,"2":2,"3":2,"4":2,"5":2,"6":1,"7":1,"8":2,"9":2,"10":2,"11":2,"12":1},"fnMap":{"1":{"name":"(anonymous_1)","line":12,"loc":{"start":{"line":12,"column":1},"end":{"line":12,"column":13}}},"2":{"name":"(anonymous_2)","line":19,"loc":{"start":{"line":19,"column":5},"end":{"line":19,"column":17}}},"3":{"name":"(anonymous_3)","line":23,"loc":{"start":{"line":23,"column":24},"end":{"line":23,"column":36}}},"4":{"name":"(anonymous_4)","line":61,"loc":{"start":{"line":61,"column":5},"end":{"line":61,"column":17}}},"5":{"name":"(anonymous_5)","line":82,"loc":{"start":{"line":82,"column":5},"end":{"line":82,"column":17}}},"6":{"name":"(anonymous_6)","line":102,"loc":{"start":{"line":102,"column":83},"end":{"line":105,"column":10}},"skip":true},"7":{"name":"(anonymous_7)","line":113,"loc":{"start":{"line":113,"column":77},"end":{"line":116,"column":10}},"skip":true},"8":{"name":"(anonymous_8)","line":129,"loc":{"start":{"line":129,"column":12},"end":{"line":129,"column":40}},"skip":true},"9":{"name":"(anonymous_9)","line":137,"loc":{"start":{"line":137,"column":77},"end":{"line":140,"column":10}},"skip":true},"10":{"name":"(anonymous_10)","line":148,"loc":{"start":{"line":148,"column":83},"end":{"line":151,"column":10}},"skip":true},"11":{"name":"(anonymous_11)","line":159,"loc":{"start":{"line":159,"column":79},"end":{"line":162,"column":10}},"skip":true},"12":{"name":"(anonymous_12)","line":170,"loc":{"start":{"line":170,"column":75},"end":{"line":173,"column":10}},"skip":true}},"statementMap":{"1":{"start":{"line":12,"column":0},"end":{"line":185,"column":5}},"2":{"start":{"line":14,"column":4},"end":{"line":14,"column":14}},"3":{"start":{"line":19,"column":4},"end":{"line":56,"column":9}},"4":{"start":{"line":21,"column":8},"end":{"line":21,"column":19}},"5":{"start":{"line":23,"column":8},"end":{"line":35,"column":13}},"6":{"start":{"line":24,"column":12},"end":{"line":34,"column":13}},"7":{"start":{"line":25,"column":16},"end":{"line":28,"column":30}},"8":{"start":{"line":30,"column":16},"end":{"line":33,"column":27}},"9":{"start":{"line":37,"column":8},"end":{"line":39,"column":21}},"10":{"start":{"line":40,"column":8},"end":{"line":53,"column":9}},"11":{"start":{"line":43,"column":12},"end":{"line":46,"column":14}},"12":{"start":{"line":47,"column":12},"end":{"line":47,"column":18}},"13":{"start":{"line":50,"column":12},"end":{"line":51,"column":46}},"14":{"start":{"line":52,"column":12},"end":{"line":52,"column":18}},"15":{"start":{"line":55,"column":8},"end":{"line":55,"column":35}},"16":{"start":{"line":61,"column":4},"end":{"line":63,"column":9}},"17":{"start":{"line":62,"column":8},"end":{"line":62,"column":15}},"18":{"start":{"line":64,"column":4},"end":{"line":77,"column":5}},"19":{"start":{"line":70,"column":8},"end":{"line":70,"column":14}},"20":{"start":{"line":76,"column":8},"end":{"line":76,"column":14}},"21":{"start":{"line":82,"column":4},"end":{"line":84,"column":9}},"22":{"start":{"line":83,"column":8},"end":{"line":83,"column":15}},"23":{"start":{"line":85,"column":4},"end":{"line":184,"column":5}},"24":{"start":{"line":92,"column":8},"end":{"line":94,"column":63}},"25":{"start":{"line":95,"column":8},"end":{"line":95,"column":14}},"26":{"start":{"line":102,"column":8},"end":{"line":111,"column":10},"skip":true},"27":{"start":{"line":109,"column":12},"end":{"line":109,"column":55},"skip":true},"28":{"start":{"line":110,"column":12},"end":{"line":110,"column":48},"skip":true},"29":{"start":{"line":113,"column":8},"end":{"line":126,"column":10},"skip":true},"30":{"start":{"line":120,"column":12},"end":{"line":120,"column":76},"skip":true},"31":{"start":{"line":121,"column":12},"end":{"line":121,"column":73},"skip":true},"32":{"start":{"line":122,"column":12},"end":{"line":122,"column":74},"skip":true},"33":{"start":{"line":123,"column":12},"end":{"line":123,"column":79},"skip":true},"34":{"start":{"line":124,"column":12},"end":{"line":124,"column":25},"skip":true},"35":{"start":{"line":125,"column":12},"end":{"line":125,"column":45},"skip":true},"36":{"start":{"line":128,"column":8},"end":{"line":135,"column":14},"skip":true},"37":{"start":{"line":133,"column":16},"end":{"line":133,"column":29},"skip":true},"38":{"start":{"line":134,"column":16},"end":{"line":134,"column":55},"skip":true},"39":{"start":{"line":137,"column":8},"end":{"line":146,"column":10},"skip":true},"40":{"start":{"line":144,"column":12},"end":{"line":144,"column":25},"skip":true},"41":{"start":{"line":145,"column":12},"end":{"line":145,"column":45},"skip":true},"42":{"start":{"line":148,"column":8},"end":{"line":157,"column":10},"skip":true},"43":{"start":{"line":155,"column":12},"end":{"line":155,"column":25},"skip":true},"44":{"start":{"line":156,"column":12},"end":{"line":156,"column":48},"skip":true},"45":{"start":{"line":159,"column":8},"end":{"line":168,"column":10},"skip":true},"46":{"start":{"line":166,"column":12},"end":{"line":166,"column":25},"skip":true},"47":{"start":{"line":167,"column":12},"end":{"line":167,"column":46},"skip":true},"48":{"start":{"line":170,"column":8},"end":{"line":179,"column":10},"skip":true},"49":{"start":{"line":177,"column":12},"end":{"line":177,"column":94},"skip":true},"50":{"start":{"line":178,"column":12},"end":{"line":178,"column":48},"skip":true},"51":{"start":{"line":182,"column":8},"end":{"line":182,"column":35},"skip":true},"52":{"start":{"line":183,"column":8},"end":{"line":183,"column":14},"skip":true}},"branchMap":{"1":{"line":25,"type":"binary-expr","locations":[{"start":{"line":25,"column":23},"end":{"line":25,"column":62}},{"start":{"line":26,"column":20},"end":{"line":26,"column":70}},{"start":{"line":27,"column":20},"end":{"line":27,"column":71}},{"start":{"line":28,"column":20},"end":{"line":28,"column":29}}]},"2":{"line":30,"type":"binary-expr","locations":[{"start":{"line":30,"column":23},"end":{"line":30,"column":37}},{"start":{"line":31,"column":20},"end":{"line":31,"column":61}},{"start":{"line":32,"column":20},"end":{"line":32,"column":70}},{"start":{"line":33,"column":20},"end":{"line":33,"column":26}}]},"3":{"line":37,"type":"cond-expr","locations":[{"start":{"line":38,"column":14},"end":{"line":38,"column":20}},{"start":{"line":39,"column":14},"end":{"line":39,"column":20}}]},"4":{"line":40,"type":"switch","locations":[{"start":{"line":42,"column":8},"end":{"line":47,"column":18}},{"start":{"line":49,"column":8},"end":{"line":52,"column":18}}]},"5":{"line":44,"type":"binary-expr","locations":[{"start":{"line":44,"column":16},"end":{"line":44,"column":44}},{"start":{"line":44,"column":48},"end":{"line":44,"column":66}}]},"6":{"line":50,"type":"binary-expr","locations":[{"start":{"line":50,"column":21},"end":{"line":50,"column":49}},{"start":{"line":50,"column":53},"end":{"line":50,"column":72}}]},"7":{"line":64,"type":"switch","locations":[{"start":{"line":69,"column":4},"end":{"line":70,"column":14}},{"start":{"line":75,"column":4},"end":{"line":76,"column":14}}]},"8":{"line":85,"type":"switch","locations":[{"start":{"line":90,"column":4},"end":{"line":95,"column":14}},{"start":{"line":101,"column":4},"end":{"line":183,"column":14},"skip":true}]},"9":{"line":92,"type":"binary-expr","locations":[{"start":{"line":92,"column":18},"end":{"line":92,"column":32}},{"start":{"line":93,"column":12},"end":{"line":93,"column":53}},{"start":{"line":94,"column":12},"end":{"line":94,"column":61}}]},"10":{"line":102,"type":"binary-expr","locations":[{"start":{"line":102,"column":45},"end":{"line":102,"column":79},"skip":true},{"start":{"line":102,"column":83},"end":{"line":111,"column":9},"skip":true}]},"11":{"line":113,"type":"binary-expr","locations":[{"start":{"line":113,"column":42},"end":{"line":113,"column":73},"skip":true},{"start":{"line":113,"column":77},"end":{"line":126,"column":9},"skip":true}]},"12":{"line":128,"type":"binary-expr","locations":[{"start":{"line":128,"column":48},"end":{"line":128,"column":85},"skip":true},{"start":{"line":129,"column":12},"end":{"line":135,"column":13},"skip":true}]},"13":{"line":137,"type":"binary-expr","locations":[{"start":{"line":137,"column":42},"end":{"line":137,"column":73},"skip":true},{"start":{"line":137,"column":77},"end":{"line":146,"column":9},"skip":true}]},"14":{"line":148,"type":"binary-expr","locations":[{"start":{"line":148,"column":45},"end":{"line":148,"column":79},"skip":true},{"start":{"line":148,"column":83},"end":{"line":157,"column":9},"skip":true}]},"15":{"line":159,"type":"binary-expr","locations":[{"start":{"line":159,"column":43},"end":{"line":159,"column":75},"skip":true},{"start":{"line":159,"column":79},"end":{"line":168,"column":9},"skip":true}]},"16":{"line":170,"type":"binary-expr","locations":[{"start":{"line":170,"column":41},"end":{"line":170,"column":71},"skip":true},{"start":{"line":170,"column":75},"end":{"line":179,"column":9},"skip":true}]}},"code":["/* istanbul instrument in package npmtest_grunt_angular_builder */","/*jslint","    bitwise: true,","    browser: true,","    maxerr: 8,","    maxlen: 96,","    node: true,","    nomen: true,","    regexp: true,","    stupid: true","*/","(function () {","    'use strict';","    var local;","","","","    // run shared js-env code - pre-init","    (function () {","        // init local","        local = {};","        // init modeJs","        local.modeJs = (function () {","            try {","                return typeof navigator.userAgent === 'string' &&","                    typeof document.querySelector('body') === 'object' &&","                    typeof XMLHttpRequest.prototype.open === 'function' &&","                    'browser';","            } catch (errorCaughtBrowser) {","                return module.exports &&","                    typeof process.versions.node === 'string' &&","                    typeof require('http').createServer === 'function' &&","                    'node';","            }","        }());","        // init global","        local.global = local.modeJs === 'browser'","            ? window","            : global;","        switch (local.modeJs) {","        // re-init local from window.local","        case 'browser':","            local = local.global.utility2.objectSetDefault(","                local.global.utility2_rollup || local.global.local,","                local.global.utility2","            );","            break;","        // re-init local from example.js","        case 'node':","            local = (local.global.utility2_rollup || require('utility2'))","                .requireExampleJsFromReadme();","            break;","        }","        // export local","        local.global.local = local;","    }());","","","","    // run shared js-env code - function","    (function () {","        return;","    }());","    switch (local.modeJs) {","","","","    // run browser js-env code - function","    case 'browser':","        break;","","","","    // run node js-env code - function","    case 'node':","        break;","    }","","","","    // run shared js-env code - post-init","    (function () {","        return;","    }());","    switch (local.modeJs) {","","","","    // run browser js-env code - post-init","    case 'browser':","        // run tests","        local.nop(local.modeTest &&","            document.querySelector('#testRunButton1') &&","            document.querySelector('#testRunButton1').click());","        break;","","","","    // run node js-env code - post-init","    /* istanbul ignore next */","    case 'node':","        local.testCase_buildApidoc_default = local.testCase_buildApidoc_default || function (","            options,","            onError","        ) {","        /*","         * this function will test buildApidoc's default handling-behavior-behavior","         */","            options = { modulePathList: module.paths };","            local.buildApidoc(options, onError);","        };","","        local.testCase_buildApp_default = local.testCase_buildApp_default || function (","            options,","            onError","        ) {","        /*","         * this function will test buildApp's default handling-behavior-behavior","         */","            local.testCase_buildReadme_default(options, local.onErrorThrow);","            local.testCase_buildLib_default(options, local.onErrorThrow);","            local.testCase_buildTest_default(options, local.onErrorThrow);","            local.testCase_buildCustomOrg_default(options, local.onErrorThrow);","            options = [];","            local.buildApp(options, onError);","        };","","        local.testCase_buildCustomOrg_default = local.testCase_buildCustomOrg_default ||","            function (options, onError) {","            /*","             * this function will test buildCustomOrg's default handling-behavior","             */","                options = {};","                local.buildCustomOrg(options, onError);","            };","","        local.testCase_buildLib_default = local.testCase_buildLib_default || function (","            options,","            onError","        ) {","        /*","         * this function will test buildLib's default handling-behavior","         */","            options = {};","            local.buildLib(options, onError);","        };","","        local.testCase_buildReadme_default = local.testCase_buildReadme_default || function (","            options,","            onError","        ) {","        /*","         * this function will test buildReadme's default handling-behavior-behavior","         */","            options = {};","            local.buildReadme(options, onError);","        };","","        local.testCase_buildTest_default = local.testCase_buildTest_default || function (","            options,","            onError","        ) {","        /*","         * this function will test buildTest's default handling-behavior","         */","            options = {};","            local.buildTest(options, onError);","        };","","        local.testCase_webpage_default = local.testCase_webpage_default || function (","            options,","            onError","        ) {","        /*","         * this function will test webpage's default handling-behavior","         */","            options = { modeCoverageMerge: true, url: local.serverLocalHost + '?modeTest=1' };","            local.browserTest(options, onError);","        };","","        // run test-server","        local.testRunServer(local);","        break;","    }","}());",""],"l":{"12":2,"14":2,"19":2,"21":2,"23":2,"24":2,"25":2,"30":1,"37":2,"40":2,"43":1,"47":1,"50":1,"52":1,"55":2,"61":2,"62":2,"64":2,"70":1,"76":1,"82":2,"83":2,"85":2,"92":1,"95":1,"102":1,"109":1,"110":1,"113":1,"120":1,"121":1,"122":1,"123":1,"124":1,"125":1,"128":1,"133":2,"134":2,"137":1,"144":2,"145":2,"148":1,"155":2,"156":2,"159":1,"166":2,"167":2,"170":1,"177":1,"178":1,"182":1,"183":1}},"/home/travis/build/npmtest/node-npmtest-grunt-angular-builder/lib.npmtest_grunt_angular_builder.js":{"path":"/home/travis/build/npmtest/node-npmtest-grunt-angular-builder/lib.npmtest_grunt_angular_builder.js","s":{"1":2,"2":2,"3":2,"4":2,"5":2,"6":2,"7":2,"8":1,"9":2,"10":2,"11":2,"12":2,"13":1,"14":1,"15":1,"16":1},"b":{"1":[2,1,1,1],"2":[1,1,1,1],"3":[1,1],"4":[2,2],"5":[1,1]},"f":{"1":2,"2":2,"3":2},"fnMap":{"1":{"name":"(anonymous_1)","line":12,"loc":{"start":{"line":12,"column":1},"end":{"line":12,"column":13}}},"2":{"name":"(anonymous_2)","line":19,"loc":{"start":{"line":19,"column":5},"end":{"line":19,"column":17}}},"3":{"name":"(anonymous_3)","line":23,"loc":{"start":{"line":23,"column":24},"end":{"line":23,"column":36}}}},"statementMap":{"1":{"start":{"line":12,"column":0},"end":{"line":53,"column":5}},"2":{"start":{"line":14,"column":4},"end":{"line":14,"column":14}},"3":{"start":{"line":19,"column":4},"end":{"line":52,"column":9}},"4":{"start":{"line":21,"column":8},"end":{"line":21,"column":19}},"5":{"start":{"line":23,"column":8},"end":{"line":35,"column":13}},"6":{"start":{"line":24,"column":12},"end":{"line":34,"column":13}},"7":{"start":{"line":25,"column":16},"end":{"line":28,"column":30}},"8":{"start":{"line":30,"column":16},"end":{"line":33,"column":27}},"9":{"start":{"line":37,"column":8},"end":{"line":39,"column":21}},"10":{"start":{"line":41,"column":8},"end":{"line":41,"column":54}},"11":{"start":{"line":43,"column":8},"end":{"line":43,"column":66}},"12":{"start":{"line":45,"column":8},"end":{"line":51,"column":9}},"13":{"start":{"line":46,"column":12},"end":{"line":46,"column":72}},"14":{"start":{"line":48,"column":12},"end":{"line":48,"column":35}},"15":{"start":{"line":49,"column":12},"end":{"line":49,"column":49}},"16":{"start":{"line":50,"column":12},"end":{"line":50,"column":43}}},"branchMap":{"1":{"line":25,"type":"binary-expr","locations":[{"start":{"line":25,"column":23},"end":{"line":25,"column":62}},{"start":{"line":26,"column":20},"end":{"line":26,"column":70}},{"start":{"line":27,"column":20},"end":{"line":27,"column":71}},{"start":{"line":28,"column":20},"end":{"line":28,"column":29}}]},"2":{"line":30,"type":"binary-expr","locations":[{"start":{"line":30,"column":23},"end":{"line":30,"column":37}},{"start":{"line":31,"column":20},"end":{"line":31,"column":61}},{"start":{"line":32,"column":20},"end":{"line":32,"column":70}},{"start":{"line":33,"column":20},"end":{"line":33,"column":26}}]},"3":{"line":37,"type":"cond-expr","locations":[{"start":{"line":38,"column":14},"end":{"line":38,"column":20}},{"start":{"line":39,"column":14},"end":{"line":39,"column":20}}]},"4":{"line":41,"type":"binary-expr","locations":[{"start":{"line":41,"column":16},"end":{"line":41,"column":44}},{"start":{"line":41,"column":48},"end":{"line":41,"column":53}}]},"5":{"line":45,"type":"if","locations":[{"start":{"line":45,"column":8},"end":{"line":45,"column":8}},{"start":{"line":45,"column":8},"end":{"line":45,"column":8}}]}},"code":["/* istanbul instrument in package npmtest_grunt_angular_builder */","/*jslint","    bitwise: true,","    browser: true,","    maxerr: 8,","    maxlen: 96,","    node: true,","    nomen: true,","    regexp: true,","    stupid: true","*/","(function () {","    'use strict';","    var local;","","","","    // run shared js-env code - pre-init","    (function () {","        // init local","        local = {};","        // init modeJs","        local.modeJs = (function () {","            try {","                return typeof navigator.userAgent === 'string' &&","                    typeof document.querySelector('body') === 'object' &&","                    typeof XMLHttpRequest.prototype.open === 'function' &&","                    'browser';","            } catch (errorCaughtBrowser) {","                return module.exports &&","                    typeof process.versions.node === 'string' &&","                    typeof require('http').createServer === 'function' &&","                    'node';","            }","        }());","        // init global","        local.global = local.modeJs === 'browser'","            ? window","            : global;","        // init utility2_rollup","        local = local.global.utility2_rollup || local;","        // init lib","        local.local = local.npmtest_grunt_angular_builder = local;","        // init exports","        if (local.modeJs === 'browser') {","            local.global.utility2_npmtest_grunt_angular_builder = local;","        } else {","            module.exports = local;","            module.exports.__dirname = __dirname;","            module.exports.module = module;","        }","    }());","}());",""],"l":{"12":2,"14":2,"19":2,"21":2,"23":2,"24":2,"25":2,"30":1,"37":2,"41":2,"43":2,"45":2,"46":1,"48":1,"49":1,"50":1}},"/home/travis/build/npmtest/node-npmtest-grunt-angular-builder/example.js":{"path":"/home/travis/build/npmtest/node-npmtest-grunt-angular-builder/example.js","s":{"1":2,"2":2,"3":2,"4":2,"5":2,"6":2,"7":2,"8":1,"9":2,"10":2,"11":2,"12":2,"13":1,"14":2,"15":2,"16":2,"17":2,"18":2,"19":0,"20":2,"21":1,"22":1,"23":1,"24":1,"25":1,"26":0,"27":0,"28":1,"29":1,"30":2,"31":0,"32":0,"33":0,"34":1,"35":2,"36":2,"37":2,"38":2,"39":2,"40":2,"41":0,"42":2,"43":2,"44":2,"45":1,"46":3,"47":1,"48":1,"49":1,"50":1,"51":1,"52":1,"53":1,"54":1,"55":1,"56":1,"57":0,"58":1,"59":6,"60":6,"61":1,"62":2,"63":0,"64":2,"65":1,"66":1,"67":0,"68":0,"69":0,"70":0,"71":0,"72":0,"73":0,"74":0,"75":0,"76":0,"77":0,"78":0,"79":0,"80":0,"81":0,"82":0,"83":0},"b":{"1":[2,1,1,1],"2":[1,1,1,1],"3":[1,1],"4":[2,2],"5":[1,1],"6":[1,1],"7":[2,0],"8":[2,1,1,1,1,1],"9":[0,2,0],"10":[1,1],"11":[2,1,1],"12":[1,0],"13":[0,2],"14":[2,0,0,0,0,0,0],"15":[0,2],"16":[2,0],"17":[1,1],"18":[0,1],"19":[1,2,0,2],"20":[1,0],"21":[1,1],"22":[0,0],"23":[0,0],"24":[0,0],"25":[0,0],"26":[0,0],"27":[0,0],"28":[0,0]},"f":{"1":2,"2":2,"3":2,"4":2,"5":2,"6":2,"7":2,"8":2,"9":3,"10":1,"11":6,"12":0},"fnMap":{"1":{"name":"(anonymous_1)","line":26,"loc":{"start":{"line":26,"column":1},"end":{"line":26,"column":13}}},"2":{"name":"(anonymous_2)","line":33,"loc":{"start":{"line":33,"column":5},"end":{"line":33,"column":17}}},"3":{"name":"(anonymous_3)","line":37,"loc":{"start":{"line":37,"column":24},"end":{"line":37,"column":36}}},"4":{"name":"(anonymous_4)","line":69,"loc":{"start":{"line":69,"column":31},"end":{"line":69,"column":48}},"skip":true},"5":{"name":"(anonymous_5)","line":78,"loc":{"start":{"line":78,"column":26},"end":{"line":78,"column":45}},"skip":true},"6":{"name":"(anonymous_6)","line":123,"loc":{"start":{"line":123,"column":33},"end":{"line":123,"column":48}},"skip":true},"7":{"name":"(anonymous_7)","line":125,"loc":{"start":{"line":125,"column":27},"end":{"line":125,"column":39}},"skip":true},"8":{"name":"(anonymous_8)","line":133,"loc":{"start":{"line":133,"column":59},"end":{"line":133,"column":74}},"skip":true},"9":{"name":"(anonymous_9)","line":143,"loc":{"start":{"line":143,"column":45},"end":{"line":143,"column":62}},"skip":true},"10":{"name":"(anonymous_10)","line":144,"loc":{"start":{"line":144,"column":73},"end":{"line":144,"column":92}},"skip":true},"11":{"name":"(anonymous_11)","line":272,"loc":{"start":{"line":272,"column":51},"end":{"line":272,"column":77}},"skip":true},"12":{"name":"(anonymous_12)","line":314,"loc":{"start":{"line":314,"column":32},"end":{"line":314,"column":61}},"skip":true}},"statementMap":{"1":{"start":{"line":26,"column":0},"end":{"line":325,"column":5}},"2":{"start":{"line":28,"column":4},"end":{"line":28,"column":14}},"3":{"start":{"line":33,"column":4},"end":{"line":60,"column":9}},"4":{"start":{"line":35,"column":8},"end":{"line":35,"column":19}},"5":{"start":{"line":37,"column":8},"end":{"line":49,"column":13}},"6":{"start":{"line":38,"column":12},"end":{"line":48,"column":13}},"7":{"start":{"line":39,"column":16},"end":{"line":42,"column":30}},"8":{"start":{"line":44,"column":16},"end":{"line":47,"column":27}},"9":{"start":{"line":51,"column":8},"end":{"line":53,"column":21}},"10":{"start":{"line":55,"column":8},"end":{"line":57,"column":45}},"11":{"start":{"line":59,"column":8},"end":{"line":59,"column":35}},"12":{"start":{"line":61,"column":4},"end":{"line":324,"column":5}},"13":{"start":{"line":69,"column":8},"end":{"line":121,"column":10},"skip":true},"14":{"start":{"line":70,"column":12},"end":{"line":88,"column":13},"skip":true},"15":{"start":{"line":76,"column":16},"end":{"line":87,"column":19},"skip":true},"16":{"start":{"line":79,"column":20},"end":{"line":86,"column":21},"skip":true},"17":{"start":{"line":82,"column":24},"end":{"line":82,"column":43},"skip":true},"18":{"start":{"line":83,"column":24},"end":{"line":83,"column":30},"skip":true},"19":{"start":{"line":85,"column":24},"end":{"line":85,"column":49},"skip":true},"20":{"start":{"line":89,"column":12},"end":{"line":107,"column":13},"skip":true},"21":{"start":{"line":92,"column":16},"end":{"line":102,"column":17},"skip":true},"22":{"start":{"line":93,"column":20},"end":{"line":93,"column":86},"skip":true},"23":{"start":{"line":94,"column":20},"end":{"line":95,"column":45},"skip":true},"24":{"start":{"line":96,"column":20},"end":{"line":96,"column":42},"skip":true},"25":{"start":{"line":97,"column":20},"end":{"line":97,"column":48},"skip":true},"26":{"start":{"line":100,"column":20},"end":{"line":100,"column":85},"skip":true},"27":{"start":{"line":101,"column":20},"end":{"line":101,"column":96},"skip":true},"28":{"start":{"line":103,"column":16},"end":{"line":103,"column":22},"skip":true},"29":{"start":{"line":106,"column":16},"end":{"line":106,"column":22},"skip":true},"30":{"start":{"line":108,"column":12},"end":{"line":120,"column":13},"skip":true},"31":{"start":{"line":114,"column":16},"end":{"line":119,"column":17},"skip":true},"32":{"start":{"line":116,"column":20},"end":{"line":116,"column":78},"skip":true},"33":{"start":{"line":118,"column":20},"end":{"line":118,"column":47},"skip":true},"34":{"start":{"line":123,"column":8},"end":{"line":141,"column":11},"skip":true},"35":{"start":{"line":124,"column":12},"end":{"line":124,"column":54},"skip":true},"36":{"start":{"line":125,"column":12},"end":{"line":140,"column":14},"skip":true},"37":{"start":{"line":126,"column":16},"end":{"line":126,"column":28},"skip":true},"38":{"start":{"line":127,"column":16},"end":{"line":127,"column":69},"skip":true},"39":{"start":{"line":128,"column":16},"end":{"line":128,"column":75},"skip":true},"40":{"start":{"line":129,"column":16},"end":{"line":131,"column":17},"skip":true},"41":{"start":{"line":130,"column":20},"end":{"line":130,"column":27},"skip":true},"42":{"start":{"line":133,"column":16},"end":{"line":137,"column":36},"skip":true},"43":{"start":{"line":134,"column":20},"end":{"line":136,"column":55},"skip":true},"44":{"start":{"line":139,"column":16},"end":{"line":139,"column":57},"skip":true},"45":{"start":{"line":143,"column":8},"end":{"line":147,"column":11},"skip":true},"46":{"start":{"line":144,"column":12},"end":{"line":146,"column":15},"skip":true},"47":{"start":{"line":145,"column":16},"end":{"line":145,"column":70},"skip":true},"48":{"start":{"line":149,"column":8},"end":{"line":149,"column":31},"skip":true},"49":{"start":{"line":150,"column":8},"end":{"line":150,"column":14},"skip":true},"50":{"start":{"line":158,"column":8},"end":{"line":158,"column":31},"skip":true},"51":{"start":{"line":160,"column":8},"end":{"line":160,"column":33},"skip":true},"52":{"start":{"line":161,"column":8},"end":{"line":161,"column":37},"skip":true},"53":{"start":{"line":162,"column":8},"end":{"line":162,"column":35},"skip":true},"54":{"start":{"line":164,"column":8},"end":{"line":164,"column":50},"skip":true},"55":{"start":{"line":166,"column":8},"end":{"line":256,"column":2},"skip":true},"56":{"start":{"line":258,"column":8},"end":{"line":286,"column":9},"skip":true},"57":{"start":{"line":259,"column":12},"end":{"line":269,"column":14},"skip":true},"58":{"start":{"line":271,"column":12},"end":{"line":285,"column":19},"skip":true},"59":{"start":{"line":274,"column":20},"end":{"line":274,"column":35},"skip":true},"60":{"start":{"line":275,"column":20},"end":{"line":284,"column":21},"skip":true},"61":{"start":{"line":277,"column":24},"end":{"line":277,"column":64},"skip":true},"62":{"start":{"line":279,"column":24},"end":{"line":279,"column":40},"skip":true},"63":{"start":{"line":281,"column":24},"end":{"line":281,"column":40},"skip":true},"64":{"start":{"line":283,"column":24},"end":{"line":283,"column":39},"skip":true},"65":{"start":{"line":288,"column":8},"end":{"line":290,"column":9},"skip":true},"66":{"start":{"line":289,"column":12},"end":{"line":289,"column":18},"skip":true},"67":{"start":{"line":291,"column":8},"end":{"line":293,"column":54},"skip":true},"68":{"start":{"line":294,"column":8},"end":{"line":301,"column":37},"skip":true},"69":{"start":{"line":302,"column":8},"end":{"line":302,"column":82},"skip":true},"70":{"start":{"line":305,"column":8},"end":{"line":307,"column":9},"skip":true},"71":{"start":{"line":306,"column":12},"end":{"line":306,"column":82},"skip":true},"72":{"start":{"line":309,"column":8},"end":{"line":311,"column":9},"skip":true},"73":{"start":{"line":310,"column":12},"end":{"line":310,"column":18},"skip":true},"74":{"start":{"line":312,"column":8},"end":{"line":312,"column":54},"skip":true},"75":{"start":{"line":313,"column":8},"end":{"line":313,"column":69},"skip":true},"76":{"start":{"line":314,"column":8},"end":{"line":322,"column":36},"skip":true},"77":{"start":{"line":315,"column":12},"end":{"line":315,"column":61},"skip":true},"78":{"start":{"line":316,"column":12},"end":{"line":319,"column":13},"skip":true},"79":{"start":{"line":317,"column":16},"end":{"line":317,"column":75},"skip":true},"80":{"start":{"line":318,"column":16},"end":{"line":318,"column":23},"skip":true},"81":{"start":{"line":320,"column":12},"end":{"line":320,"column":38},"skip":true},"82":{"start":{"line":321,"column":12},"end":{"line":321,"column":27},"skip":true},"83":{"start":{"line":323,"column":8},"end":{"line":323,"column":14},"skip":true}},"branchMap":{"1":{"line":39,"type":"binary-expr","locations":[{"start":{"line":39,"column":23},"end":{"line":39,"column":62}},{"start":{"line":40,"column":20},"end":{"line":40,"column":70}},{"start":{"line":41,"column":20},"end":{"line":41,"column":71}},{"start":{"line":42,"column":20},"end":{"line":42,"column":29}}]},"2":{"line":44,"type":"binary-expr","locations":[{"start":{"line":44,"column":23},"end":{"line":44,"column":37}},{"start":{"line":45,"column":20},"end":{"line":45,"column":61}},{"start":{"line":46,"column":20},"end":{"line":46,"column":70}},{"start":{"line":47,"column":20},"end":{"line":47,"column":26}}]},"3":{"line":51,"type":"cond-expr","locations":[{"start":{"line":52,"column":14},"end":{"line":52,"column":20}},{"start":{"line":53,"column":14},"end":{"line":53,"column":20}}]},"4":{"line":55,"type":"binary-expr","locations":[{"start":{"line":55,"column":16},"end":{"line":55,"column":44}},{"start":{"line":55,"column":49},"end":{"line":57,"column":43}}]},"5":{"line":55,"type":"cond-expr","locations":[{"start":{"line":56,"column":14},"end":{"line":56,"column":65}},{"start":{"line":57,"column":14},"end":{"line":57,"column":43}}]},"6":{"line":61,"type":"switch","locations":[{"start":{"line":68,"column":4},"end":{"line":150,"column":14},"skip":true},{"start":{"line":156,"column":4},"end":{"line":323,"column":14},"skip":true}]},"7":{"line":70,"type":"if","locations":[{"start":{"line":70,"column":12},"end":{"line":70,"column":12},"skip":true},{"start":{"line":70,"column":12},"end":{"line":70,"column":12},"skip":true}]},"8":{"line":70,"type":"binary-expr","locations":[{"start":{"line":70,"column":16},"end":{"line":70,"column":22},"skip":true},{"start":{"line":70,"column":27},"end":{"line":70,"column":32},"skip":true},{"start":{"line":71,"column":20},"end":{"line":71,"column":39},"skip":true},{"start":{"line":72,"column":20},"end":{"line":72,"column":49},"skip":true},{"start":{"line":73,"column":20},"end":{"line":73,"column":58},"skip":true},{"start":{"line":74,"column":20},"end":{"line":74,"column":69},"skip":true}]},"9":{"line":79,"type":"switch","locations":[{"start":{"line":80,"column":20},"end":{"line":80,"column":33},"skip":true},{"start":{"line":81,"column":20},"end":{"line":83,"column":30},"skip":true},{"start":{"line":84,"column":20},"end":{"line":85,"column":49},"skip":true}]},"10":{"line":89,"type":"switch","locations":[{"start":{"line":90,"column":12},"end":{"line":103,"column":22},"skip":true},{"start":{"line":105,"column":12},"end":{"line":106,"column":22},"skip":true}]},"11":{"line":89,"type":"binary-expr","locations":[{"start":{"line":89,"column":20},"end":{"line":89,"column":25},"skip":true},{"start":{"line":89,"column":29},"end":{"line":89,"column":48},"skip":true},{"start":{"line":89,"column":52},"end":{"line":89,"column":74},"skip":true}]},"12":{"line":92,"type":"if","locations":[{"start":{"line":92,"column":16},"end":{"line":92,"column":16},"skip":true},{"start":{"line":92,"column":16},"end":{"line":92,"column":16},"skip":true}]},"13":{"line":108,"type":"if","locations":[{"start":{"line":108,"column":12},"end":{"line":108,"column":12},"skip":true},{"start":{"line":108,"column":12},"end":{"line":108,"column":12},"skip":true}]},"14":{"line":108,"type":"binary-expr","locations":[{"start":{"line":108,"column":16},"end":{"line":108,"column":61},"skip":true},{"start":{"line":108,"column":66},"end":{"line":108,"column":72},"skip":true},{"start":{"line":108,"column":77},"end":{"line":108,"column":82},"skip":true},{"start":{"line":109,"column":20},"end":{"line":109,"column":39},"skip":true},{"start":{"line":110,"column":20},"end":{"line":110,"column":49},"skip":true},{"start":{"line":111,"column":20},"end":{"line":111,"column":58},"skip":true},{"start":{"line":112,"column":20},"end":{"line":112,"column":68},"skip":true}]},"15":{"line":129,"type":"if","locations":[{"start":{"line":129,"column":16},"end":{"line":129,"column":16},"skip":true},{"start":{"line":129,"column":16},"end":{"line":129,"column":16},"skip":true}]},"16":{"line":134,"type":"cond-expr","locations":[{"start":{"line":135,"column":26},"end":{"line":135,"column":29},"skip":true},{"start":{"line":136,"column":26},"end":{"line":136,"column":54},"skip":true}]},"17":{"line":164,"type":"binary-expr","locations":[{"start":{"line":164,"column":27},"end":{"line":164,"column":43},"skip":true},{"start":{"line":164,"column":47},"end":{"line":164,"column":49},"skip":true}]},"18":{"line":258,"type":"if","locations":[{"start":{"line":258,"column":8},"end":{"line":258,"column":8},"skip":true},{"start":{"line":258,"column":8},"end":{"line":258,"column":8},"skip":true}]},"19":{"line":275,"type":"switch","locations":[{"start":{"line":276,"column":20},"end":{"line":277,"column":64},"skip":true},{"start":{"line":278,"column":20},"end":{"line":279,"column":40},"skip":true},{"start":{"line":280,"column":20},"end":{"line":281,"column":40},"skip":true},{"start":{"line":282,"column":20},"end":{"line":283,"column":39},"skip":true}]},"20":{"line":288,"type":"if","locations":[{"start":{"line":288,"column":8},"end":{"line":288,"column":8},"skip":true},{"start":{"line":288,"column":8},"end":{"line":288,"column":8},"skip":true}]},"21":{"line":288,"type":"binary-expr","locations":[{"start":{"line":288,"column":12},"end":{"line":288,"column":40},"skip":true},{"start":{"line":288,"column":44},"end":{"line":288,"column":67},"skip":true}]},"22":{"line":292,"type":"binary-expr","locations":[{"start":{"line":292,"column":12},"end":{"line":292,"column":50},"skip":true},{"start":{"line":293,"column":12},"end":{"line":293,"column":53},"skip":true}]},"23":{"line":295,"type":"binary-expr","locations":[{"start":{"line":295,"column":12},"end":{"line":295,"column":79},"skip":true},{"start":{"line":296,"column":12},"end":{"line":301,"column":36},"skip":true}]},"24":{"line":302,"type":"binary-expr","locations":[{"start":{"line":302,"column":43},"end":{"line":302,"column":75},"skip":true},{"start":{"line":302,"column":79},"end":{"line":302,"column":81},"skip":true}]},"25":{"line":305,"type":"if","locations":[{"start":{"line":305,"column":8},"end":{"line":305,"column":8},"skip":true},{"start":{"line":305,"column":8},"end":{"line":305,"column":8},"skip":true}]},"26":{"line":309,"type":"if","locations":[{"start":{"line":309,"column":8},"end":{"line":309,"column":8},"skip":true},{"start":{"line":309,"column":8},"end":{"line":309,"column":8},"skip":true}]},"27":{"line":312,"type":"binary-expr","locations":[{"start":{"line":312,"column":27},"end":{"line":312,"column":43},"skip":true},{"start":{"line":312,"column":47},"end":{"line":312,"column":53},"skip":true}]},"28":{"line":316,"type":"if","locations":[{"start":{"line":316,"column":12},"end":{"line":316,"column":12},"skip":true},{"start":{"line":316,"column":12},"end":{"line":316,"column":12},"skip":true}]}},"code":["/*","example.js","","quickstart example","","instruction","    1. save this script as example.js","    2. run the shell command:","        $ npm install npmtest-grunt-angular-builder && PORT=8081 node example.js","    3. play with the browser-demo on http://127.0.0.1:8081","*/","","","","/* istanbul instrument in package npmtest_grunt_angular_builder */","/*jslint","    bitwise: true,","    browser: true,","    maxerr: 8,","    maxlen: 96,","    node: true,","    nomen: true,","    regexp: true,","    stupid: true","*/","(function () {","    'use strict';","    var local;","","","","    // run shared js-env code - pre-init","    (function () {","        // init local","        local = {};","        // init modeJs","        local.modeJs = (function () {","            try {","                return typeof navigator.userAgent === 'string' &&","                    typeof document.querySelector('body') === 'object' &&","                    typeof XMLHttpRequest.prototype.open === 'function' &&","                    'browser';","            } catch (errorCaughtBrowser) {","                return module.exports &&","                    typeof process.versions.node === 'string' &&","                    typeof require('http').createServer === 'function' &&","                    'node';","            }","        }());","        // init global","        local.global = local.modeJs === 'browser'","            ? window","            : global;","        // init utility2_rollup","        local = local.global.utility2_rollup || (local.modeJs === 'browser'","            ? local.global.utility2_npmtest_grunt_angular_builder","            : global.utility2_moduleExports);","        // export local","        local.global.local = local;","    }());","    switch (local.modeJs) {","","","","    // post-init","    // run browser js-env code - post-init","    /* istanbul ignore next */","    case 'browser':","        local.testRunBrowser = function (event) {","            if (!event || (event &&","                    event.currentTarget &&","                    event.currentTarget.className &&","                    event.currentTarget.className.includes &&","                    event.currentTarget.className.includes('onreset'))) {","                // reset output","                Array.from(","                    document.querySelectorAll('body > .resettable')","                ).forEach(function (element) {","                    switch (element.tagName) {","                    case 'INPUT':","                    case 'TEXTAREA':","                        element.value = '';","                        break;","                    default:","                        element.textContent = '';","                    }","                });","            }","            switch (event && event.currentTarget && event.currentTarget.id) {","            case 'testRunButton1':","                // show tests","                if (document.querySelector('#testReportDiv1').style.display === 'none') {","                    document.querySelector('#testReportDiv1').style.display = 'block';","                    document.querySelector('#testRunButton1').textContent =","                        'hide internal test';","                    local.modeTest = true;","                    local.testRunDefault(local);","                // hide tests","                } else {","                    document.querySelector('#testReportDiv1').style.display = 'none';","                    document.querySelector('#testRunButton1').textContent = 'run internal test';","                }","                break;","            // custom-case","            default:","                break;","            }","            if (document.querySelector('#inputTextareaEval1') && (!event || (event &&","                    event.currentTarget &&","                    event.currentTarget.className &&","                    event.currentTarget.className.includes &&","                    event.currentTarget.className.includes('oneval')))) {","                // try to eval input-code","                try {","                    /*jslint evil: true*/","                    eval(document.querySelector('#inputTextareaEval1').value);","                } catch (errorCaught) {","                    console.error(errorCaught);","                }","            }","        };","        // log stderr and stdout to #outputTextareaStdout1","        ['error', 'log'].forEach(function (key) {","            console[key + '_original'] = console[key];","            console[key] = function () {","                var element;","                console[key + '_original'].apply(console, arguments);","                element = document.querySelector('#outputTextareaStdout1');","                if (!element) {","                    return;","                }","                // append text to #outputTextareaStdout1","                element.value += Array.from(arguments).map(function (arg) {","                    return typeof arg === 'string'","                        ? arg","                        : JSON.stringify(arg, null, 4);","                }).join(' ') + '\\n';","                // scroll textarea to bottom","                element.scrollTop = element.scrollHeight;","            };","        });","        // init event-handling","        ['change', 'click', 'keyup'].forEach(function (event) {","            Array.from(document.querySelectorAll('.on' + event)).forEach(function (element) {","                element.addEventListener(event, local.testRunBrowser);","            });","        });","        // run tests","        local.testRunBrowser();","        break;","","","","    // run node js-env code - post-init","    /* istanbul ignore next */","    case 'node':","        // export local","        module.exports = local;","        // require modules","        local.fs = require('fs');","        local.http = require('http');","        local.url = require('url');","        // init assets","        local.assetsDict = local.assetsDict || {};","        /* jslint-ignore-begin */","        local.assetsDict['/assets.index.template.html'] = '\\","<!doctype html>\\n\\","<html lang=\"en\">\\n\\","<head>\\n\\","<meta charset=\"UTF-8\">\\n\\","<meta name=\"viewport\" content=\"width=device-width, initial-scale=1\">\\n\\","<title>{{env.npm_package_name}} (v{{env.npm_package_version}})</title>\\n\\","<style>\\n\\","/*csslint\\n\\","    box-sizing: false,\\n\\","    universal-selector: false\\n\\","*/\\n\\","* {\\n\\","    box-sizing: border-box;\\n\\","}\\n\\","body {\\n\\","    background: #dde;\\n\\","    font-family: Arial, Helvetica, sans-serif;\\n\\","    margin: 2rem;\\n\\","}\\n\\","body > * {\\n\\","    margin-bottom: 1rem;\\n\\","}\\n\\",".utility2FooterDiv {\\n\\","    margin-top: 20px;\\n\\","    text-align: center;\\n\\","}\\n\\","</style>\\n\\","<style>\\n\\","/*csslint\\n\\","*/\\n\\","textarea {\\n\\","    font-family: monospace;\\n\\","    height: 10rem;\\n\\","    width: 100%;\\n\\","}\\n\\","textarea[readonly] {\\n\\","    background: #ddd;\\n\\","}\\n\\","</style>\\n\\","</head>\\n\\","<body>\\n\\","<!-- utility2-comment\\n\\","<div id=\"ajaxProgressDiv1\" style=\"background: #d00; height: 2px; left: 0; margin: 0; padding: 0; position: fixed; top: 0; transition: background 0.5s, width 1.5s; width: 25%;\"></div>\\n\\","utility2-comment -->\\n\\","<h1>\\n\\","<!-- utility2-comment\\n\\","    <a\\n\\","        {{#if env.npm_package_homepage}}\\n\\","        href=\"{{env.npm_package_homepage}}\"\\n\\","        {{/if env.npm_package_homepage}}\\n\\","        target=\"_blank\"\\n\\","    >\\n\\","utility2-comment -->\\n\\","        {{env.npm_package_name}} (v{{env.npm_package_version}})\\n\\","<!-- utility2-comment\\n\\","    </a>\\n\\","utility2-comment -->\\n\\","</h1>\\n\\","<h3>{{env.npm_package_description}}</h3>\\n\\","<!-- utility2-comment\\n\\","<h4><a download href=\"assets.app.js\">download standalone app</a></h4>\\n\\","<button class=\"onclick onreset\" id=\"testRunButton1\">run internal test</button><br>\\n\\","<div id=\"testReportDiv1\" style=\"display: none;\"></div>\\n\\","utility2-comment -->\\n\\","\\n\\","\\n\\","\\n\\","<label>stderr and stdout</label>\\n\\","<textarea class=\"resettable\" id=\"outputTextareaStdout1\" readonly></textarea>\\n\\","<!-- utility2-comment\\n\\","{{#if isRollup}}\\n\\","<script src=\"assets.app.js\"></script>\\n\\","{{#unless isRollup}}\\n\\","utility2-comment -->\\n\\","<script src=\"assets.utility2.rollup.js\"></script>\\n\\","<script src=\"jsonp.utility2._stateInit?callback=window.utility2._stateInit\"></script>\\n\\","<script src=\"assets.npmtest_grunt_angular_builder.rollup.js\"></script>\\n\\","<script src=\"assets.example.js\"></script>\\n\\","<script src=\"assets.test.js\"></script>\\n\\","<!-- utility2-comment\\n\\","{{/if isRollup}}\\n\\","utility2-comment -->\\n\\","<div class=\"utility2FooterDiv\">\\n\\","    [ this app was created with\\n\\","    <a href=\"https://github.com/kaizhu256/node-utility2\" target=\"_blank\">utility2</a>\\n\\","    ]\\n\\","</div>\\n\\","</body>\\n\\","</html>\\n\\","';","        /* jslint-ignore-end */","        if (local.templateRender) {","            local.assetsDict['/'] = local.templateRender(","                local.assetsDict['/assets.index.template.html'],","                {","                    env: local.objectSetDefault(local.env, {","                        npm_package_description: 'the greatest app in the world!',","                        npm_package_name: 'my-app',","                        npm_package_nameAlias: 'my_app',","                        npm_package_version: '0.0.1'","                    })","                }","            );","        } else {","            local.assetsDict['/'] = local.assetsDict['/assets.index.template.html']","                .replace((/\\{\\{env\\.(\\w+?)\\}\\}/g), function (match0, match1) {","                    // jslint-hack","                    String(match0);","                    switch (match1) {","                    case 'npm_package_description':","                        return 'the greatest app in the world!';","                    case 'npm_package_name':","                        return 'my-app';","                    case 'npm_package_nameAlias':","                        return 'my_app';","                    case 'npm_package_version':","                        return '0.0.1';","                    }","                });","        }","        // run the cli","        if (local.global.utility2_rollup || module !== require.main) {","            break;","        }","        local.assetsDict['/assets.example.js'] =","            local.assetsDict['/assets.example.js'] ||","            local.fs.readFileSync(__filename, 'utf8');","        local.assetsDict['/assets.npmtest_grunt_angular_builder.rollup.js'] =","            local.assetsDict['/assets.npmtest_grunt_angular_builder.rollup.js'] ||","            local.fs.readFileSync(","                // buildCustomOrg-hack","                local.npmtest_grunt_angular_builder.__dirname +","                    '/lib.npmtest_grunt_angular_builder.js',","                'utf8'","            ).replace((/^#!/), '//');","        local.assetsDict['/favicon.ico'] = local.assetsDict['/favicon.ico'] || '';","        // if $npm_config_timeout_exit exists,","        // then exit this process after $npm_config_timeout_exit ms","        if (Number(process.env.npm_config_timeout_exit)) {","            setTimeout(process.exit, Number(process.env.npm_config_timeout_exit));","        }","        // start server","        if (local.global.utility2_serverHttp1) {","            break;","        }","        process.env.PORT = process.env.PORT || '8081';","        console.error('server starting on port ' + process.env.PORT);","        local.http.createServer(function (request, response) {","            request.urlParsed = local.url.parse(request.url);","            if (local.assetsDict[request.urlParsed.pathname] !== undefined) {","                response.end(local.assetsDict[request.urlParsed.pathname]);","                return;","            }","            response.statusCode = 404;","            response.end();","        }).listen(process.env.PORT);","        break;","    }","}());",""],"l":{"26":2,"28":2,"33":2,"35":2,"37":2,"38":2,"39":2,"44":1,"51":2,"55":2,"59":2,"61":2,"69":1,"70":2,"76":2,"79":2,"82":2,"83":2,"85":1,"89":2,"92":1,"93":1,"94":1,"96":1,"97":1,"100":1,"101":1,"103":1,"106":1,"108":2,"114":1,"116":1,"118":1,"123":1,"124":2,"125":2,"126":2,"127":2,"128":2,"129":2,"130":1,"133":2,"134":2,"139":2,"143":1,"144":3,"145":1,"149":1,"150":1,"158":1,"160":1,"161":1,"162":1,"164":1,"166":1,"258":1,"259":1,"271":1,"274":6,"275":6,"277":1,"279":2,"281":1,"283":2,"288":1,"289":1,"291":1,"294":1,"302":1,"305":1,"306":1,"309":1,"310":1,"312":1,"313":1,"314":1,"315":1,"316":1,"317":1,"318":1,"320":1,"321":1,"323":1}},"/home/travis/build/npmtest/node-npmtest-grunt-angular-builder/node_modules/grunt-angular-builder/Gruntfile.js":{"path":"/home/travis/build/npmtest/node-npmtest-grunt-angular-builder/node_modules/grunt-angular-builder/Gruntfile.js","s":{"1":1,"2":0,"3":0,"4":0,"5":0,"6":0,"7":0,"8":0,"9":0,"10":0,"11":0,"12":0,"13":0,"14":0,"15":0,"16":0,"17":0,"18":0,"19":0,"20":0,"21":0,"22":0},"b":{},"f":{"1":0},"fnMap":{"1":{"name":"(anonymous_1)","line":11,"loc":{"start":{"line":11,"column":17},"end":{"line":12,"column":0}}}},"statementMap":{"1":{"start":{"line":11,"column":0},"end":{"line":209,"column":2}},"2":{"start":{"line":13,"column":2},"end":{"line":13,"column":33}},"3":{"start":{"line":16,"column":2},"end":{"line":167,"column":5}},"4":{"start":{"line":170,"column":2},"end":{"line":170,"column":28}},"5":{"start":{"line":173,"column":2},"end":{"line":173,"column":46}},"6":{"start":{"line":174,"column":2},"end":{"line":174,"column":45}},"7":{"start":{"line":175,"column":2},"end":{"line":175,"column":46}},"8":{"start":{"line":176,"column":2},"end":{"line":176,"column":37}},"9":{"start":{"line":179,"column":2},"end":{"line":179,"column":45}},"10":{"start":{"line":181,"column":2},"end":{"line":181,"column":40}},"11":{"start":{"line":185,"column":2},"end":{"line":195,"column":5}},"12":{"start":{"line":197,"column":2},"end":{"line":197,"column":79}},"13":{"start":{"line":198,"column":2},"end":{"line":198,"column":79}},"14":{"start":{"line":199,"column":2},"end":{"line":199,"column":81}},"15":{"start":{"line":200,"column":2},"end":{"line":200,"column":89}},"16":{"start":{"line":201,"column":2},"end":{"line":201,"column":116}},"17":{"start":{"line":202,"column":2},"end":{"line":202,"column":101}},"18":{"start":{"line":203,"column":2},"end":{"line":203,"column":105}},"19":{"start":{"line":204,"column":2},"end":{"line":204,"column":105}},"20":{"start":{"line":205,"column":2},"end":{"line":205,"column":110}},"21":{"start":{"line":206,"column":2},"end":{"line":206,"column":93}},"22":{"start":{"line":207,"column":2},"end":{"line":207,"column":88}}},"branchMap":{},"code":["/*"," * grunt-angular-builder"," * https://github.com/claudio-silva/grunt-angular-builder"," *"," * Copyright (c) 2013 Cláudio Silva"," * Licensed under the MIT license."," */","","'use strict';","","module.exports = function (grunt)","{","  require ('time-grunt') (grunt);","","  // Project configuration.","  grunt.initConfig ({","","    jshint: {","      all:     [","        'Gruntfile.js',","        'tasks/**/*.js'","      ],","      options: {","        jshintrc: '.jshintrc'","      }","    },","","    // Before generating any new files, remove any previously-created files.","    clean:  {","      tests: ['tmp', 'dist']","    },","","    'angular-builder': {","      'test-js-app':              {","        options: {","          mainModule:      'App',","          externalModules: 'Library1'","        },","        src:     'tests/js-only/**/*.js',","        dest:    'dist/main.js'","      },","      'test-js-lib':              {","        options: {","          mainModule:   'Library1',","          releaseBuild: {","            renameModuleRefs: true","          }","        },","        src:     'tests/js-only/**/*.js',","        dest:    'dist/library1.js'","      },","      'test-js-fail':             {","        /** Warning: The module variable reference declare doesn't match the preset name","         on the config setting moduleVar='module'. File: tests/js-only/extra/Submodule4.js */","        options: {","          mainModule: 'Library2'","        },","        src:     'tests/js-only/**/*.js',","        dest:    'dist/library2.js'","      },","      'test-js-comments':         {","        options: {","          mainModule: 'Library3'","        },","        src:     'tests/js-only/**/*.js',","        dest:    'dist/library3.js'","      },","      'test-stylesheets':         {","        options: {","          mainModule: 'Submodule1'","        },","        src:     [","          'tests/stylesheets/submodule1/**/*.js',","          'tests/stylesheets/submodule2/**/*.js'","        ],","        dest:    'dist/main.js'","      },","      'test-assets':              {","        options: {","          mainModule: 'App',","          assets:     {","            enabled:   true,","            targetDir: 'styles',","            symlink:   true","          }","        },","        src:     'tests/stylesheets/**/*.js',","        dest:    'dist/main.js'","      },","      'test-3rd-party':           {","        options:      {","          mainModule: 'App'","        },","        src:          'tests/3rd-party/**/*.js',","        dest:         'dist/main.js',","        forceInclude: 'tests/3rd-party/angular-loader.js'","      },","      'test-include-non-angular': {","        options:      {","          mainModule: 'App'","        },","        src:          'tests/include-non-angular/**/*.js',","        dest:         'dist/main.js',","        forceInclude: 'tests/include-non-angular/other/other.js'","      },","      'test-include-and-rebase':  {","        options:      {","          mainModule:   'App',","          debugBuild:   {","            rebaseDebugUrls: [","              { match: /other\\//, replaceWith: '' }, //remove path segment","              { match: /tests\\/include-non-angular/, replaceWith: 'js' }, //replace base path","              { match: /^.*demo.js$/, replaceWith: '' } //suppress library","            ]","          }","        },","        src:          'tests/include-non-angular/**/*.js',","        dest:         'dist/main.js',","        forceInclude: 'tests/include-non-angular/other/other.js'","      },","      'test-override-deps':       {","        options: {","          mainModule:           'App',","          overrideDependencies: {","            dependencies: ['Submodule1', 'Library1']","          }","        },","        src:     ['tests/js-only/**/*.js', '!tests/js-only/App.js'],","        dest:    'dist/main.js'","      },","      'test-slashes':       {","        options: {","          mainModule:           'App'","        },","        src:     ['tests/slashes/**/*.js'],","        dest:    'dist/main.js'","      }","    },","","    concat: {","      'test-stylesheets': {","        src:  '<%= requiredStylesheets %>',","        dest: 'dist/styles.css'","      },","      'test-assets':      {","        src:  '<%= requiredStylesheets %>',","        dest: 'dist/styles/styles.css'","      },","      '3rd-party':        {","        src:  'tests/3rd-party/index.html',","        dest: 'dist/index.html'","      }","    },","","    jsdoc: {","      dist: {","        // Force usage of JSDoc 3.3.0","        jsdoc:   \"./node_modules/.bin/jsdoc\",","        src:     ['tasks/**/*.js'],","        options: {","          destination: 'doc',","          configure:   'jsdoc.json'","        }","      }","    }","","  });","","  // Load this plugin's task(s).","  grunt.loadTasks ('tasks');","","  // These plugins provide necessary tasks.","  grunt.loadNpmTasks ('grunt-contrib-jshint');","  grunt.loadNpmTasks ('grunt-contrib-clean');","  grunt.loadNpmTasks ('grunt-contrib-concat');","  grunt.loadNpmTasks ('grunt-jsdoc');","","  // By default, lint and run all tests.","  grunt.registerTask ('default', ['jshint']);","","  grunt.registerTask ('doc', ['jsdoc']);","","  // Test tasks below can also be executed with the command line option `--build debug` to generate debug builds.","","  grunt.registerTask ('test', [","    'test-js-app',","    'test-js-lib',","    //'test-js-fail',","    'test-js-comments',","    'test-stylesheets',","    'test-assets',","    'test-3rd-party',","    'test-include-non-angular',","    'test-override-deps'","  ]);","","  grunt.registerTask ('test-js-app', ['clean', 'angular-builder:test-js-app']);","  grunt.registerTask ('test-js-lib', ['clean', 'angular-builder:test-js-lib']);","  grunt.registerTask ('test-js-fail', ['clean', 'angular-builder:test-js-fail']);","  grunt.registerTask ('test-js-comments', ['clean', 'angular-builder:test-js-comments']);","  grunt.registerTask ('test-stylesheets', ['clean', 'angular-builder:test-stylesheets', 'concat:test-stylesheets']);","  grunt.registerTask ('test-assets', ['clean', 'angular-builder:test-assets', 'concat:test-assets']);","  grunt.registerTask ('test-3rd-party', ['clean', 'angular-builder:test-3rd-party', 'concat:3rd-party']);","  grunt.registerTask ('test-include-non-angular', ['clean', 'angular-builder:test-include-non-angular']);","  grunt.registerTask ('test-include-and-rebase', ['clean', 'angular-builder:test-include-and-rebase::debug']);","  grunt.registerTask ('test-override-deps', ['clean', 'angular-builder:test-override-deps']);","  grunt.registerTask ('test-slashes', ['clean', 'angular-builder:test-slashes::debug']);","","};"],"l":{"11":1,"13":0,"16":0,"170":0,"173":0,"174":0,"175":0,"176":0,"179":0,"181":0,"185":0,"197":0,"198":0,"199":0,"200":0,"201":0,"202":0,"203":0,"204":0,"205":0,"206":0,"207":0}},"/home/travis/build/npmtest/node-npmtest-grunt-angular-builder/node_modules/grunt-angular-builder/tasks/angular-builder.js":{"path":"/home/travis/build/npmtest/node-npmtest-grunt-angular-builder/node_modules/grunt-angular-builder/tasks/angular-builder.js","s":{"1":1,"2":1,"3":1,"4":1,"5":1,"6":0,"7":0,"8":0,"9":0,"10":0,"11":0,"12":0,"13":0,"14":0,"15":0,"16":0,"17":0,"18":0,"19":0,"20":0,"21":0,"22":0,"23":0,"24":0,"25":0,"26":0,"27":0,"28":0,"29":0,"30":1,"31":0,"32":0,"33":0,"34":0,"35":0,"36":0,"37":0,"38":0,"39":0,"40":0,"41":0,"42":0,"43":0,"44":0,"45":0,"46":0,"47":0,"48":0,"49":1,"50":0,"51":0,"52":0,"53":0,"54":1,"55":0,"56":0,"57":0,"58":0,"59":0,"60":0,"61":0,"62":0,"63":0,"64":0,"65":0,"66":0},"b":{"1":[0,0],"2":[0,0],"3":[0,0],"4":[0,0],"5":[0,0],"6":[0,0],"7":[0,0],"8":[0,0],"9":[0,0],"10":[0,0],"11":[0,0],"12":[0,0],"13":[0,0],"14":[0,0],"15":[0,0]},"f":{"1":0,"2":0,"3":0,"4":0,"5":0,"6":0,"7":0,"8":0,"9":0,"10":0,"11":0,"12":0,"13":0,"14":0},"fnMap":{"1":{"name":"(anonymous_1)","line":30,"loc":{"start":{"line":30,"column":17},"end":{"line":31,"column":0}}},"2":{"name":"(anonymous_2)","line":38,"loc":{"start":{"line":38,"column":56},"end":{"line":39,"column":2}}},"3":{"name":"(anonymous_3)","line":66,"loc":{"start":{"line":66,"column":24},"end":{"line":67,"column":4}}},"4":{"name":"(anonymous_4)","line":94,"loc":{"start":{"line":94,"column":31},"end":{"line":95,"column":6}}},"5":{"name":"(anonymous_5)","line":107,"loc":{"start":{"line":107,"column":56},"end":{"line":108,"column":6}}},"6":{"name":"(anonymous_6)","line":109,"loc":{"start":{"line":109,"column":33},"end":{"line":110,"column":8}}},"7":{"name":"(anonymous_7)","line":119,"loc":{"start":{"line":119,"column":31},"end":{"line":120,"column":6}}},"8":{"name":"loadMiddlewareModules","line":136,"loc":{"start":{"line":136,"column":2},"end":{"line":137,"column":2}}},"9":{"name":"(anonymous_9)","line":140,"loc":{"start":{"line":140,"column":40},"end":{"line":141,"column":4}}},"10":{"name":"(anonymous_10)","line":151,"loc":{"start":{"line":151,"column":42},"end":{"line":152,"column":6}}},"11":{"name":"assembleMiddleware","line":172,"loc":{"start":{"line":172,"column":2},"end":{"line":173,"column":2}}},"12":{"name":"(anonymous_12)","line":175,"loc":{"start":{"line":175,"column":36},"end":{"line":176,"column":4}}},"13":{"name":"traceModule","line":189,"loc":{"start":{"line":189,"column":2},"end":{"line":190,"column":2}}},"14":{"name":"(anonymous_14)","line":199,"loc":{"start":{"line":199,"column":31},"end":{"line":200,"column":6}}}},"statementMap":{"1":{"start":{"line":10,"column":0},"end":{"line":10,"column":34}},"2":{"start":{"line":12,"column":0},"end":{"line":12,"column":82}},"3":{"start":{"line":17,"column":0},"end":{"line":18,"column":36}},"4":{"start":{"line":20,"column":0},"end":{"line":25,"column":21}},"5":{"start":{"line":30,"column":0},"end":{"line":212,"column":2}},"6":{"start":{"line":32,"column":2},"end":{"line":32,"column":20}},"7":{"start":{"line":38,"column":2},"end":{"line":127,"column":5}},"8":{"start":{"line":44,"column":4},"end":{"line":45,"column":46}},"9":{"start":{"line":45,"column":6},"end":{"line":45,"column":46}},"10":{"start":{"line":51,"column":4},"end":{"line":51,"column":44}},"11":{"start":{"line":60,"column":4},"end":{"line":60,"column":72}},"12":{"start":{"line":66,"column":4},"end":{"line":126,"column":19}},"13":{"start":{"line":71,"column":6},"end":{"line":71,"column":62}},"14":{"start":{"line":73,"column":6},"end":{"line":74,"column":45}},"15":{"start":{"line":74,"column":8},"end":{"line":74,"column":45}},"16":{"start":{"line":81,"column":6},"end":{"line":81,"column":81}},"17":{"start":{"line":83,"column":6},"end":{"line":83,"column":45}},"18":{"start":{"line":89,"column":6},"end":{"line":90,"column":47}},"19":{"start":{"line":90,"column":8},"end":{"line":90,"column":47}},"20":{"start":{"line":94,"column":6},"end":{"line":97,"column":9}},"21":{"start":{"line":96,"column":8},"end":{"line":96,"column":39}},"22":{"start":{"line":99,"column":6},"end":{"line":99,"column":54}},"23":{"start":{"line":107,"column":6},"end":{"line":113,"column":9}},"24":{"start":{"line":109,"column":8},"end":{"line":112,"column":11}},"25":{"start":{"line":111,"column":10},"end":{"line":111,"column":35}},"26":{"start":{"line":115,"column":6},"end":{"line":115,"column":52}},"27":{"start":{"line":119,"column":6},"end":{"line":122,"column":9}},"28":{"start":{"line":121,"column":8},"end":{"line":121,"column":42}},"29":{"start":{"line":124,"column":6},"end":{"line":124,"column":52}},"30":{"start":{"line":136,"column":2},"end":{"line":164,"column":3}},"31":{"start":{"line":138,"column":4},"end":{"line":138,"column":36}},"32":{"start":{"line":140,"column":4},"end":{"line":148,"column":7}},"33":{"start":{"line":142,"column":6},"end":{"line":142,"column":40}},"34":{"start":{"line":143,"column":6},"end":{"line":144,"column":68}},"35":{"start":{"line":144,"column":8},"end":{"line":144,"column":68}},"36":{"start":{"line":145,"column":6},"end":{"line":146,"column":41}},"37":{"start":{"line":146,"column":8},"end":{"line":146,"column":41}},"38":{"start":{"line":147,"column":6},"end":{"line":147,"column":54}},"39":{"start":{"line":150,"column":4},"end":{"line":161,"column":9}},"40":{"start":{"line":151,"column":6},"end":{"line":161,"column":9}},"41":{"start":{"line":153,"column":8},"end":{"line":153,"column":41}},"42":{"start":{"line":154,"column":8},"end":{"line":155,"column":50}},"43":{"start":{"line":155,"column":10},"end":{"line":155,"column":50}},"44":{"start":{"line":156,"column":8},"end":{"line":157,"column":56}},"45":{"start":{"line":158,"column":8},"end":{"line":159,"column":98}},"46":{"start":{"line":159,"column":10},"end":{"line":159,"column":98}},"47":{"start":{"line":160,"column":8},"end":{"line":160,"column":88}},"48":{"start":{"line":163,"column":4},"end":{"line":163,"column":34}},"49":{"start":{"line":172,"column":2},"end":{"line":180,"column":3}},"50":{"start":{"line":174,"column":4},"end":{"line":174,"column":25}},"51":{"start":{"line":175,"column":4},"end":{"line":178,"column":7}},"52":{"start":{"line":177,"column":6},"end":{"line":177,"column":55}},"53":{"start":{"line":179,"column":4},"end":{"line":179,"column":23}},"54":{"start":{"line":189,"column":2},"end":{"line":210,"column":3}},"55":{"start":{"line":191,"column":4},"end":{"line":191,"column":45}},"56":{"start":{"line":192,"column":4},"end":{"line":193,"column":65}},"57":{"start":{"line":193,"column":6},"end":{"line":193,"column":65}},"58":{"start":{"line":195,"column":4},"end":{"line":196,"column":13}},"59":{"start":{"line":196,"column":6},"end":{"line":196,"column":13}},"60":{"start":{"line":198,"column":4},"end":{"line":203,"column":5}},"61":{"start":{"line":199,"column":6},"end":{"line":202,"column":9}},"62":{"start":{"line":201,"column":8},"end":{"line":201,"column":52}},"63":{"start":{"line":205,"column":4},"end":{"line":209,"column":5}},"64":{"start":{"line":206,"column":6},"end":{"line":206,"column":60}},"65":{"start":{"line":207,"column":6},"end":{"line":207,"column":41}},"66":{"start":{"line":208,"column":6},"end":{"line":208,"column":27}}},"branchMap":{"1":{"line":44,"type":"if","locations":[{"start":{"line":44,"column":4},"end":{"line":44,"column":4}},{"start":{"line":44,"column":4},"end":{"line":44,"column":4}}]},"2":{"line":73,"type":"if","locations":[{"start":{"line":73,"column":6},"end":{"line":73,"column":6}},{"start":{"line":73,"column":6},"end":{"line":73,"column":6}}]},"3":{"line":89,"type":"if","locations":[{"start":{"line":89,"column":6},"end":{"line":89,"column":6}},{"start":{"line":89,"column":6},"end":{"line":89,"column":6}}]},"4":{"line":143,"type":"if","locations":[{"start":{"line":143,"column":6},"end":{"line":143,"column":6}},{"start":{"line":143,"column":6},"end":{"line":143,"column":6}}]},"5":{"line":145,"type":"if","locations":[{"start":{"line":145,"column":6},"end":{"line":145,"column":6}},{"start":{"line":145,"column":6},"end":{"line":145,"column":6}}]},"6":{"line":150,"type":"if","locations":[{"start":{"line":150,"column":4},"end":{"line":150,"column":4}},{"start":{"line":150,"column":4},"end":{"line":150,"column":4}}]},"7":{"line":154,"type":"if","locations":[{"start":{"line":154,"column":8},"end":{"line":154,"column":8}},{"start":{"line":154,"column":8},"end":{"line":154,"column":8}}]},"8":{"line":156,"type":"binary-expr","locations":[{"start":{"line":156,"column":21},"end":{"line":156,"column":32}},{"start":{"line":156,"column":36},"end":{"line":156,"column":46}}]},"9":{"line":158,"type":"if","locations":[{"start":{"line":158,"column":8},"end":{"line":158,"column":8}},{"start":{"line":158,"column":8},"end":{"line":158,"column":8}}]},"10":{"line":160,"type":"cond-expr","locations":[{"start":{"line":160,"column":58},"end":{"line":160,"column":59}},{"start":{"line":160,"column":62},"end":{"line":160,"column":63}}]},"11":{"line":192,"type":"if","locations":[{"start":{"line":192,"column":4},"end":{"line":192,"column":4}},{"start":{"line":192,"column":4},"end":{"line":192,"column":4}}]},"12":{"line":195,"type":"if","locations":[{"start":{"line":195,"column":4},"end":{"line":195,"column":4}},{"start":{"line":195,"column":4},"end":{"line":195,"column":4}}]},"13":{"line":198,"type":"if","locations":[{"start":{"line":198,"column":4},"end":{"line":198,"column":4}},{"start":{"line":198,"column":4},"end":{"line":198,"column":4}}]},"14":{"line":205,"type":"if","locations":[{"start":{"line":205,"column":4},"end":{"line":205,"column":4}},{"start":{"line":205,"column":4},"end":{"line":205,"column":4}}]},"15":{"line":205,"type":"binary-expr","locations":[{"start":{"line":205,"column":8},"end":{"line":205,"column":36}},{"start":{"line":205,"column":40},"end":{"line":205,"column":95}}]}},"code":["/**"," * @license"," * AngularJS Builder."," * Copyright 2013 Cláudio Manuel Brás da Silva."," * http://github.com/claudio-silva"," * Licensed under the MIT license."," */","'use strict';","","var TASK_NAME = 'angular-builder';","","var TASK_DESCRIPTION = 'Generates a release/debug build of an AngularJS project.';","","/**"," * Utility functions."," */","var util = require ('./lib/gruntUtil')","  , types = require ('./lib/types');","","var Context = types.Context","  , ContextEvent = types.ContextEvent","  , TaskOptions = types.TaskOptions","  , extend = util.extend","  , fatal = util.fatal","  , info = util.info;","/**"," * Exports a function that will be called by Grunt to register tasks for this plugin."," * @param grunt The Grunt API."," */","module.exports = function (grunt)","{","  util.init (grunt);","","//------------------------------------------------------------------------------","// GRUNT TASK","//------------------------------------------------------------------------------","","  grunt.registerMultiTask (TASK_NAME, TASK_DESCRIPTION, function ()","  {","    //------------------","    // SETUP","    //------------------","","    if (!this.files.length)","      fatal ('No source files were defined.');","","    /**","     * The default values for all of the Angular Builder's options.","     * @type {TaskOptions}","     */","    var defaultOptions = new TaskOptions ();","","    /**","     * An ordered list of middleware classes from which the middleware stack will be created later on.","     *","     * Note: when loading the middleware modules, the TaskOptions class becomes augmented with middleware-specific","     * options.","     * @type {MiddlewareInterface[]}","     */","    var middlewareStackClasses = loadMiddlewareModules (defaultOptions);","","    //-------------------------","    // Process each file group","    //-------------------------","","    this.files.forEach (function (/** GruntFilesArrayExt */ fileGroup)","    {","      // Note: source code analysis information for each file group is reset for each file group,","      // i.e. each group is an independent build.","","      var context = new Context (grunt, this, defaultOptions);","","      if (!context.options.mainModule)","        fatal ('No main module is defined.');","","      /**","       * The sequential list of loaded middleare.","       * These will be reset for each file group.","       * @type {MiddlewareInterface[]}","       */","      var middlewareStack = assembleMiddleware (middlewareStackClasses, context);","","      context.trigger (ContextEvent.ON_INIT);","","      //------------------","      // LOAD SOURCE CODE","      //------------------","","      if (!fileGroup.dest)","        fatal ('No target script is defined.');","","      // Pass all the source code trough the 1st stage of the middleware stack.","","      middlewareStack.forEach (function (/*MiddlewareInterface*/ middleware)","      {","        middleware.analyze (fileGroup);","      });","","      context.trigger (ContextEvent.ON_AFTER_ANALYZE);","","      //------------------","      // BUILD","      //------------------","","      // Trace the dependency graph and pass each module trough the 2nd stage of the middleware stack.","","      traceModule (context.options.mainModule, context, function (/*ModuleDef*/module)","      {","        middlewareStack.forEach (function (/*MiddlewareInterface*/ middleare)","        {","          middleare.trace (module);","        });","      });","","      context.trigger (ContextEvent.ON_AFTER_TRACE);","","      // Pass all the analysed source code trough the 3rd stage of the middleware stack.","","      middlewareStack.forEach (function (/*MiddlewareInterface*/ middleware)","      {","        middleware.build (fileGroup.dest);","      });","","      context.trigger (ContextEvent.ON_AFTER_BUILD);","","    }.bind (this));","  });","","  /**","   * Loads all middlewares (both internal and external).","   *","   * @param {TaskOptions} options The task's base default options. Extended options contributed by middleware will be","   * set in turn by each loaded middleware module.","   * @return {Array}","   */","  function loadMiddlewareModules (options)","  {","    var middlewareStackClasses = [];","","    options.internalMiddleware.forEach (function (moduleName)","    {","      var module = require (moduleName);","      if (!module.middleware)","        util.fatal ('No middleware found on module %.', moduleName);","      if (module.options)","        extend (options, module.options);","      middlewareStackClasses.push (module.middleware);","    });","","    if (options.externalMiddleware)","      options.externalMiddleware.forEach (function (info)","      {","        var module = require (info.load);","        if (module.options)","          extend (options, new module.options ());","        var target = info.before || info.after","          , i = middlewareStackClasses.indexOf (target);","        if (~i)","          util.fatal (\"Can't locate the % middleware module for inserting %.\", target, info.load);","        middlewareStackClasses.splice (i + (info.before ? 0 : 1), 0, module.middleware);","      });","","    return middlewareStackClasses;","  }","","  /**","   * Creates a new instance of each loaded middleware and assembles them into a sequential list.","   * @param {MiddlewareInterface[]} middlewareStackClasses An ordered list of classes to be instantiated.","   * @param {Context} context The build execution context.","   * @returns {MiddlewareInterface[]}","   */","  function assembleMiddleware (middlewareStackClasses, context)","  {","    var middlewares = [];","    middlewareStackClasses.forEach (function (MiddlewareClass)","    {","      middlewares.push (new MiddlewareClass (context));","    });","    return middlewares;","  }","","  /**","   * Traces a dependency graph for the specified module and calls the given callback","   * to process each required module in the correct loading order.","   * @param {string} moduleName","   * @param {Context} context The execution context for the middleware stack.","   * @param {function(ModuleDef)} processHook","   */","  function traceModule (moduleName, context, processHook)","  {","    var module = context.modules[moduleName];","    if (!module)","      fatal ('Module <cyan>%</cyan> was not found.', moduleName);","    // Ignore the module if it's external.","    if (module.external)","      return;","    // Include required submodules first.","    if (module.requires) {","      module.requires.forEach (function (modName)","      {","        traceModule (modName, context, processHook);","      });","    }","    // Ignore references to already loaded modules or to explicitly excluded modules.","    if (!context.loaded[module.name] && !~context.options.excludedModules.indexOf (module.name)) {","      info ('Including module <cyan>%</cyan>.', moduleName);","      context.loaded[module.name] = true;","      processHook (module);","    }","  }","","};",""],"l":{"10":1,"12":1,"17":1,"20":1,"30":1,"32":0,"38":0,"44":0,"45":0,"51":0,"60":0,"66":0,"71":0,"73":0,"74":0,"81":0,"83":0,"89":0,"90":0,"94":0,"96":0,"99":0,"107":0,"109":0,"111":0,"115":0,"119":0,"121":0,"124":0,"136":1,"138":0,"140":0,"142":0,"143":0,"144":0,"145":0,"146":0,"147":0,"150":0,"151":0,"153":0,"154":0,"155":0,"156":0,"158":0,"159":0,"160":0,"163":0,"172":1,"174":0,"175":0,"177":0,"179":0,"189":1,"191":0,"192":0,"193":0,"195":0,"196":0,"198":0,"199":0,"201":0,"205":0,"206":0,"207":0,"208":0}},"/home/travis/build/npmtest/node-npmtest-grunt-angular-builder/node_modules/grunt-angular-builder/tasks/lib/gruntUtil.js":{"path":"/home/travis/build/npmtest/node-npmtest-grunt-angular-builder/node_modules/grunt-angular-builder/tasks/lib/gruntUtil.js","s":{"1":1,"2":1,"3":1,"4":1,"5":1,"6":1,"7":1,"8":1,"9":1,"10":0,"11":0,"12":1,"13":0,"14":0,"15":0,"16":0,"17":0,"18":0,"19":0,"20":0,"21":0,"22":0,"23":0,"24":0,"25":0,"26":0,"27":0,"28":0,"29":0,"30":1,"31":0,"32":0,"33":0,"34":1,"35":0,"36":0,"37":1,"38":0,"39":0,"40":0,"41":0,"42":0,"43":0,"44":0,"45":0,"46":0,"47":0,"48":0,"49":0,"50":0,"51":0,"52":0,"53":0,"54":0,"55":0,"56":0,"57":0,"58":1,"59":0,"60":1,"61":0,"62":1,"63":0,"64":1,"65":0,"66":1,"67":0,"68":0,"69":1,"70":0,"71":1,"72":0,"73":0,"74":0,"75":0,"76":0,"77":0,"78":0,"79":0,"80":1,"81":0,"82":0,"83":0,"84":0,"85":0,"86":0,"87":0,"88":0,"89":1,"90":0,"91":0,"92":0,"93":0,"94":0,"95":0,"96":0,"97":1,"98":0,"99":1,"100":0,"101":0,"102":0,"103":0,"104":0,"105":1,"106":0,"107":1,"108":0,"109":0,"110":1,"111":0,"112":1,"113":0,"114":1,"115":0,"116":1,"117":0,"118":0,"119":0,"120":0,"121":0,"122":0,"123":0,"124":0,"125":0,"126":1,"127":0,"128":1,"129":0,"130":0,"131":0,"132":0,"133":0,"134":0,"135":0,"136":0,"137":0,"138":0},"b":{"1":[0,1],"2":[0,0],"3":[0,0],"4":[0,0],"5":[0,0],"6":[0,0,0],"7":[0,0],"8":[0,0],"9":[0,0],"10":[0,0],"11":[0,0],"12":[0,0],"13":[0,0],"14":[0,0],"15":[0,0],"16":[0,0],"17":[0,0],"18":[0,0],"19":[0,0],"20":[0,0],"21":[0,0],"22":[0,0],"23":[0,0],"24":[0,0],"25":[0,0,0,0,0],"26":[0,0],"27":[0,0],"28":[0,0]},"f":{"1":0,"2":0,"3":0,"4":0,"5":0,"6":0,"7":0,"8":0,"9":0,"10":0,"11":0,"12":0,"13":0,"14":0,"15":0,"16":0,"17":0,"18":0,"19":0,"20":0,"21":0,"22":0,"23":0,"24":0,"25":0,"26":0,"27":0,"28":0,"29":0,"30":0,"31":0,"32":0,"33":0,"34":0,"35":0},"fnMap":{"1":{"name":"(anonymous_1)","line":54,"loc":{"start":{"line":54,"column":15},"end":{"line":55,"column":0}}},"2":{"name":"extend","line":72,"loc":{"start":{"line":72,"column":17},"end":{"line":73,"column":0}}},"3":{"name":"(anonymous_3)","line":105,"loc":{"start":{"line":105,"column":18},"end":{"line":106,"column":0}}},"4":{"name":"(anonymous_4)","line":109,"loc":{"start":{"line":109,"column":28},"end":{"line":110,"column":2}}},"5":{"name":"(anonymous_5)","line":121,"loc":{"start":{"line":121,"column":16},"end":{"line":122,"column":0}}},"6":{"name":"(anonymous_6)","line":123,"loc":{"start":{"line":123,"column":43},"end":{"line":124,"column":2}}},"7":{"name":"debug","line":128,"loc":{"start":{"line":128,"column":2},"end":{"line":129,"column":2}}},"8":{"name":"(anonymous_8)","line":164,"loc":{"start":{"line":164,"column":30},"end":{"line":165,"column":0}}},"9":{"name":"(anonymous_9)","line":174,"loc":{"start":{"line":174,"column":16},"end":{"line":175,"column":0}}},"10":{"name":"(anonymous_10)","line":184,"loc":{"start":{"line":184,"column":15},"end":{"line":185,"column":0}}},"11":{"name":"(anonymous_11)","line":194,"loc":{"start":{"line":194,"column":18},"end":{"line":195,"column":0}}},"12":{"name":"(anonymous_12)","line":204,"loc":{"start":{"line":204,"column":15},"end":{"line":205,"column":0}}},"13":{"name":"(anonymous_13)","line":216,"loc":{"start":{"line":216,"column":25},"end":{"line":217,"column":0}}},"14":{"name":"(anonymous_14)","line":226,"loc":{"start":{"line":226,"column":35},"end":{"line":227,"column":0}}},"15":{"name":"iterate","line":233,"loc":{"start":{"line":233,"column":3},"end":{"line":234,"column":2}}},"16":{"name":"(anonymous_16)","line":239,"loc":{"start":{"line":239,"column":30},"end":{"line":240,"column":4}}},"17":{"name":"(anonymous_17)","line":254,"loc":{"start":{"line":254,"column":36},"end":{"line":255,"column":0}}},"18":{"name":"iterate","line":259,"loc":{"start":{"line":259,"column":3},"end":{"line":260,"column":2}}},"19":{"name":"(anonymous_19)","line":261,"loc":{"start":{"line":261,"column":30},"end":{"line":262,"column":4}}},"20":{"name":"(anonymous_20)","line":281,"loc":{"start":{"line":281,"column":20},"end":{"line":282,"column":0}}},"21":{"name":"(anonymous_21)","line":306,"loc":{"start":{"line":306,"column":19},"end":{"line":307,"column":0}}},"22":{"name":"(anonymous_22)","line":317,"loc":{"start":{"line":317,"column":26},"end":{"line":318,"column":0}}},"23":{"name":"(anonymous_23)","line":331,"loc":{"start
[...]
anonymous_10)","line":313,"loc":{"start":{"line":313,"column":17},"end":{"line":314,"column":6}}},"11":{"name":"(anonymous_11)","line":323,"loc":{"start":{"line":323,"column":25},"end":{"line":324,"column":2}}},"12":{"name":"(anonymous_12)","line":331,"loc":{"start":{"line":331,"column":15},"end":{"line":332,"column":4}}},"13":{"name":"ModuleDef","line":353,"loc":{"start":{"line":353,"column":0},"end":{"line":354,"column":0}}}},"statementMap":{"1":{"start":{"line":15,"column":0},"end":{"line":16,"column":25}},"2":{"start":{"line":34,"column":0},"end":{"line":35,"column":2}},"3":{"start":{"line":37,"column":0},"end":{"line":113,"column":2}},"4":{"start":{"line":121,"column":0},"end":{"line":122,"column":2}},"5":{"start":{"line":124,"column":0},"end":{"line":157,"column":2}},"6":{"start":{"line":170,"column":0},"end":{"line":171,"column":2}},"7":{"start":{"line":173,"column":0},"end":{"line":198,"column":2}},"8":{"start":{"line":207,"column":0},"end":{"line":212,"column":2}},"9":{"start":{"line":223,"column":0},"end":{"line":240,"column":1}},"10":{"start":{"line":225,"column":2},"end":{"line":225,"column":21}},"11":{"start":{"line":226,"column":2},"end":{"line":226,"column":62}},"12":{"start":{"line":227,"column":2},"end":{"line":230,"column":3}},"13":{"start":{"line":228,"column":4},"end":{"line":228,"column":43}},"14":{"start":{"line":229,"column":4},"end":{"line":229,"column":46}},"15":{"start":{"line":231,"column":2},"end":{"line":231,"column":42}},"16":{"start":{"line":233,"column":2},"end":{"line":233,"column":60}},"17":{"start":{"line":235,"column":2},"end":{"line":235,"column":19}},"18":{"start":{"line":237,"column":2},"end":{"line":237,"column":65}},"19":{"start":{"line":238,"column":2},"end":{"line":238,"column":19}},"20":{"start":{"line":239,"column":2},"end":{"line":239,"column":20}},"21":{"start":{"line":242,"column":0},"end":{"line":343,"column":2}},"22":{"start":{"line":301,"column":4},"end":{"line":302,"column":35}},"23":{"start":{"line":302,"column":6},"end":{"line":302,"column":35}},"24":{"start":{"line":303,"column":4},"end":{"line":303,"column":43}},"25":{"start":{"line":311,"column":4},"end":{"line":311,"column":36}},"26":{"start":{"line":312,"column":4},"end":{"line":316,"column":9}},"27":{"start":{"line":313,"column":6},"end":{"line":316,"column":9}},"28":{"start":{"line":315,"column":8},"end":{"line":315,"column":19}},"29":{"start":{"line":326,"column":4},"end":{"line":326,"column":21}},"30":{"start":{"line":327,"column":4},"end":{"line":339,"column":7}},"31":{"start":{"line":334,"column":6},"end":{"line":338,"column":7}},"32":{"start":{"line":336,"column":8},"end":{"line":336,"column":70}},"33":{"start":{"line":337,"column":8},"end":{"line":337,"column":31}},"34":{"start":{"line":340,"column":4},"end":{"line":340,"column":19}},"35":{"start":{"line":353,"column":0},"end":{"line":358,"column":1}},"36":{"start":{"line":355,"column":2},"end":{"line":355,"column":19}},"37":{"start":{"line":356,"column":2},"end":{"line":356,"column":19}},"38":{"start":{"line":357,"column":2},"end":{"line":357,"column":22}},"39":{"start":{"line":360,"column":0},"end":{"line":402,"column":2}},"40":{"start":{"line":424,"column":0},"end":{"line":430,"column":2}}},"branchMap":{"1":{"line":227,"type":"if","locations":[{"start":{"line":227,"column":2},"end":{"line":227,"column":2}},{"start":{"line":227,"column":2},"end":{"line":227,"column":2}}]},"2":{"line":227,"type":"binary-expr","locations":[{"start":{"line":227,"column":6},"end":{"line":227,"column":36}},{"start":{"line":227,"column":40},"end":{"line":227,"column":74}}]},"3":{"line":237,"type":"binary-expr","locations":[{"start":{"line":237,"column":28},"end":{"line":237,"column":48}},{"start":{"line":237,"column":52},"end":{"line":237,"column":54}}]},"4":{"line":301,"type":"if","locations":[{"start":{"line":301,"column":4},"end":{"line":301,"column":4}},{"start":{"line":301,"column":4},"end":{"line":301,"column":4}}]},"5":{"line":312,"type":"if","locations":[{"start":{"line":312,"column":4},"end":{"line":312,"column":4}},{"start":{"line":312,"column":4},"end":{"line":312,"column":4}}]},"6":{"line":327,"type":"binary-expr","locations":[{"start":{"line":327,"column":6},"end":{"line":328,"column":67}},{"start":{"line":329,"column":11},"end":{"line":329,"column":13}}]},"7":{"line":327,"type":"cond-expr","locations":[{"start":{"line":328,"column":6},"end":{"line":328,"column":36}},{"start":{"line":328,"column":39},"end":{"line":328,"column":67}}]},"8":{"line":334,"type":"if","locations":[{"start":{"line":334,"column":6},"end":{"line":334,"column":6}},{"start":{"line":334,"column":6},"end":{"line":334,"column":6}}]}},"code":["/**"," * Angular Builder's data types."," *"," * @module lib/types"," *"," * @license"," * Copyright 2013 Cláudio Manuel Brás da Silva"," * http://github.com/claudio-silva"," * Licensed under the MIT license."," */","'use strict';","","/* jshint unused: vars */","","var util = require ('./gruntUtil')","  , extend = util.extend;","","//======================================================================================================================","","/**"," * Angular Builder's task options."," *"," * Note: Middleware classes augment this class with their own options."," *"," * @constructor"," * @mixes BuildAssetsOptionsMixin"," * @mixes MakeDebugBuildOptionsMixin"," * @mixes OverrideDependenciesOptionsMixin"," * @mixes MakeReleaseBuildOptionsMixin"," * @mixes ExportSourcePathsOptionsMixin"," * @mixes ExportRequiredStylesheetsOptionsMixin"," * @mixes ExportRequiredTemplatesOptionsMixin"," */","function TaskOptions ()","{}","","TaskOptions.prototype = {","  /**","   * Main module name. Only this module and its dependencies will be exported.","   * @type {string}","   */","  mainModule:         '',","  /**","   * A list of module names to ignore when building.","   * This allows the source code to contain references to modules not present in the build (ex. 3rd party libraries that","   * are loaded independently).","   *","   * If a module reference (for module access or for declaring a dependency) is found in the source code, which targets","   * a module that is not declared anywhere in the build's source files, the build operation aborts when that module","   * name is not present on this list.","   * @type {string|string[]}","   */","  externalModules:    '',","  /**","   * A list of framework built-in modules (ex. 'ng') that will always be appended to the `externalModules` list when","   * running tasks, so that references to them are ignored by the builder.","   * This is reserved for internal use, but could be overridden if you wish to completely replace the built-in behavior.","   * @type {string[]}","   */","  builtinModules:     ['ng'],","  /**","   * A list of modules to be excluded from the build.","   *","   * Unlike <code>externalModules</code>, which excludes each module and all of its dependencies, this option only","   * excludes the specified module from the output, not its dependencies.","   * One typical use for this is to exclude the main module from one or more build tasks.","   * @type {string[]}","   */","  excludedModules:    [],","  /**","   * A list of file paths to prepend to the build output.","   * This forces the inclusion of specific script files, independently of any source file scanning performed","   * by Grunt.","   * @type {string[]}","   */","  require:            [],","  /**","   * Allows loading third-party middleware into the middleware stack.","   * This is a task-level option. Do not specify it at target-level.","   *","   * This option allows the definition of a list of external middleware modules to load and for each one, to specify","   * where to place it on the middleware stack.","   * Each element in the list defines a module name (with the `load` property) and one of the following properties:","   * `before`, `after` or `over`. The property name selects the insertion position on the middleware stack for the","   * loaded one.","   * Note: internal middlewares are loaded into the middleware stack before the external middlewares.","   * @type {Array.<{load: string, before: ?string, after: ?string}>|null}","   */","  externalMiddleware: null,","  /**","   * Defines the list of middleware bundled with angular-builder.","   * This is a task-level option. Do not specify it at target-level.","   *","   * This option sets a list of modules names to load and assemble into a middleware stack in the specified order.","   * This is reserved for internal use, but could be overridden if you wish to replace some or all of the","   * built-in behavior. Usually, though, you should use the `externalMiddleware` option.","   * WARNING: the order of middleware listed here is important! If you change it, the build process may fail!","   * @type {string[]}","   * @const","   */","  internalMiddleware: [","    './middleware/overrideDependencies',","    './middleware/analyzeSourceCode',","    './middleware/exportSourcePaths',","    './middleware/includeRequiredScripts',","    './middleware/buildForeignScripts',","    './middleware/makeDebugBuild',","    './middleware/makeReleaseBuild',","    './middleware/exportRequiredStylesheets',","    './middleware/exportRequiredTemplates',","    './middleware/buildAssets'","  ]","};","","//======================================================================================================================","","/**"," * A Grunt files array with extended options."," * @interface"," */","function GruntFilesArrayExt ()","{}","","GruntFilesArrayExt.prototype = {","  /**","   * @type {string[]|null}","   */","  src:          null,","  /**","   * @type {string|null}","   */","  dest:         null,","  /**","   * A list of filenames or glob patterns that specify which javascript files should always be included in the build,","   * even if they have no module declarations.","   *","   * <b>Warning:</b> the files must also be matched by <code>src</code> to be included.","   *","   * <b>Note:</b> patterns without slashes will match against the basename of the path even if it contains slashes,","   * eg. pattern <code>*.js</code> will match filepath <code>path/to/file.js</code>.","   *","   * Usually, when a script file is found in the set of source files which doesn't contain a module declaration,","   * that file is ignored.","   * But, if the file name and path matches a file name or glob pattern specified here, it will still be included.","   *","   * Non-module files are output in the same order they were read, and <b>before</b> any module.","   *","   * <b>Tip:</b> You can append the current step's result script to another one that resulted from a previous build","   * step.","   * If you specify a target or file group exclusively for standalone script files and append the result to other built","   * files, you will have more control on the order of the assembled files.","   *","   *  @type {string|string[]|null}","   */","  forceInclude: null","","};","","//======================================================================================================================","","/**"," * API for an Angular Builder middleware plugin."," * Defines handlers for the three stages of the build process: analyze --> trace --> build."," *"," * Note: implementing classes must have a compatible constructor."," *"," * @interface"," * @param {Context} context The execution context for the middleware stack."," */","function MiddlewareInterface (context)","{}","","MiddlewareInterface.prototype = {","  /**","   * Load and analyze the specified source files.","   * Invoked once.","   *","   * @param {GruntFilesArrayExt} filesArray The set of source code files to be processed.","   */","  analyze: function (filesArray) {},","  /**","   * Scan a module for relevant information.","   * Invoked once for each required module in the application, in the order defined by the dependency graph.","   * Each module, in turn, is passed trough all the middlewares on the stack.","   *","   * Note: external and excluded modules are never traced; dependencies of excluded modules may be traced.","   *","   * @param {ModuleDef} module Gives you access to the module's metadata and its source code.","   */","  trace:   function (module) {},","  /**","   * Build the compilation output.","   * Invoked once.","   *","   * @param {string} targetScript Path to the output script.","   */","  build:   function (targetScript) {}","};","","//======================================================================================================================","","/**"," * Context event names."," * @enum {string}"," * @const"," */","var ContextEvent = {","  ON_INIT:          'init',","  ON_AFTER_ANALYZE: 'after-analyze',","  ON_AFTER_TRACE:   'after-trace',","  ON_AFTER_BUILD:   'after-build'","};","","/**"," * The execution context for the middleware stack."," * Contains shared information available throughout the middleware stack."," * @constructor"," * @param grunt The Grunt API."," * @param task The currently executing Grunt task."," * @param {TaskOptions} defaultOptions The default values for all of the Angular Builder's options, including all"," * middleware options."," */","function Context (grunt, task, defaultOptions)","{","  this.grunt = grunt;","  this.options = extend ({}, defaultOptions, task.options ());","  if (task.flags.debug !== undefined || grunt.option ('build') === 'debug') {","    this.options.debugBuild.enabled = true;","    this.options.releaseBuild.enabled = false;","  }","  this.verbose = grunt.option ('verbose');","  // Clone the external modules and use it as a starting point.","  this.modules = extend ({}, this._setupExternalModules ());","  // Reset tracer.","  this.loaded = {};","  // Reset the scripts list to a clone of the `require` option or to an empty list.","  this.standaloneScripts = (this.options.require || []).slice ();","  this.shared = {};","  this._events = {};","}","","Context.prototype = {","  /**","   * The Grunt API.","   */","  grunt:                 null,","  /**","   * Task-specific options set on the Gruntfile.","   * @type {TaskOptions}","   */","  options:               null,","  /**","   * <code>true</code> if the task is running in verbose mode.","   * @type {boolean}","   */","  verbose:               false,","  /**","   * A map of module names to module definition records.","   * @type {Object.<string, ModuleDef>}","   */","  modules:               null,","  /**","   * A map of module names to boolean values that registers which modules were already","   * emmited to/ referenced on the output.","   * @type {Object.<string,boolean>}","   */","  loaded:                null,","  /**","   * A list of scripts that have no module definitions but still are forced to being included in the build.","   * Each item contains the filename and the file content.","   * @type {Array.<{path: string, content: string}>}","   */","  standaloneScripts:     null,","  /**","   * Source code to be prepended to the output build file.","   * @type {string}","   */","  prependOutput:         '',","  /**","   * Source code to be appended to the output build file.","   * @type {string}","   */","  appendOutput:          '',","  /**","   * Custom data shared between extensions.","   */","  shared:                null,","  /**","   * A map of registered event handlers.","   * @type {Object.<ContextEvent,Function[]>}","   * @private","   */","  _events:               null,","  /**","   * Registers an event handler.","   * @param {ContextEvent} eventName","   * @param {function()} handler","   */","  listen:                function (eventName, handler)","  {","    if (!this._events[eventName])","      this._events[eventName] = [];","    this._events[eventName].push (handler);","  },","  /**","   * Calls all registered event handlers for the specified event.","   * @param {ContextEvent} eventName","   */","  trigger:               function (eventName)","  {","    var e = this._events[eventName];","    if (e)","      e.forEach (function (handler)","      {","        handler ();","      });","  },","  /**","   * Registers the configured external modules so that they can be ignored during the build output generation.","   * @returns {Object.<string, ModuleDef>}","   * @private","   */","  _setupExternalModules: function ()","  {","    /** @type {Object.<string, ModuleDef>} */","    var modules = {};","    ((typeof this.options.externalModules === 'string' ?","      [this.options.externalModules] : this.options.externalModules","      ) || []).","      concat (this.options.builtinModules).","      forEach (function (moduleName)","    {","      // Ignore redundant names.","      if (!modules[moduleName]) {","        /** @type {ModuleDef} */","        var module = modules[moduleName] = new ModuleDef (moduleName);","        module.external = true;","      }","    });","    return modules;","  }","","};","","//======================================================================================================================","","/**"," * A module definition record."," * Contains all javascript defining the module, read from one or more source files."," * @constructor"," * @param {string} name"," */","function ModuleDef (name)","{","  this.name = name;","  this.bodies = [];","  this.filePaths = [];","}","","ModuleDef.prototype = {","  /**","   * The module's name.","   * @type {!string}","   */","  name:      '',","  /**","   * Relative file paths to the source script files.","   * The first entry corresponds to the file that starts the module definition.","   * Note: empty string elements will be ignored.","   * Note: at least one element must be present, even if empty.","   * @type {string[]}","   */","  filePaths: null,","  /**","   * The content of the file that starts the module definition.","   * If null, the file was not yet read.","   * @type {?string}","   */","  head:      null,","  /**","   * The content of each additional file that appends definitions to the module.","   * If there are no additional files for the module, the value will be an empty array.","   * @type {string[]}","   */","  bodies:    null,","  /**","   * List with the names of the required modules.","   * If no modules are required, the value will be an empty array.","   * @type {string[]}","   */","  requires:  null,","  /**","   * When true, the module is not included in the build but it's possibly referenced in the source code.","   * @type {boolean}","   */","  external:  false,","  /**","   * Third parameter of a module declaration, if present.","   * @type {string|undefined}","   */","  configFn:  undefined","};","","//======================================================================================================================","","/**"," * A function result composite value that includes a status value and optional data."," * @name OperationResult"," *//**"," * Result status code. 0 = OK, other values depend on the context this is being used on."," * @name OperationResult#status"," * @type {number}"," */","/**"," * Optional output data from the function that returned this record."," * @name OperationResult#data"," * @type {*}"," */","","//======================================================================================================================","// EXPORT","//======================================================================================================================","","module.exports = {","  ModuleDef:          ModuleDef,","  ExtensionInterface: MiddlewareInterface,","  ContextEvent:       ContextEvent,","  Context:            Context,","  TaskOptions:        TaskOptions","};",""],"l":{"15":1,"34":1,"37":1,"121":1,"124":1,"170":1,"173":1,"207":1,"223":1,"225":0,"226":0,"227":0,"228":0,"229":0,"231":0,"233":0,"235":0,"237":0,"238":0,"239":0,"242":1,"301":0,"302":0,"303":0,"311":0,"312":0,"313":0,"315":0,"326":0,"327":0,"334":0,"336":0,"337":0,"340":0,"353":1,"355":0,"356":0,"357":0,"360":1,"424":1}}}